Analysis & Synthesis report for top
Wed Nov 05 10:09:05 2025
Quartus II 32-bit Version 13.0.1 Build 232 06/12/2013 Service Pack 1 SJ Full Version


---------------------
; Table of Contents ;
---------------------
  1. Legal Notice
  2. Analysis & Synthesis Summary
  3. Analysis & Synthesis Settings
  4. Parallel Compilation
  5. Analysis & Synthesis Source Files Read
  6. Analysis & Synthesis Resource Usage Summary
  7. Analysis & Synthesis Resource Utilization by Entity
  8. State Machine - |sqrt_seq|state
  9. User-Specified and Inferred Latches
 10. Registers Removed During Synthesis
 11. Removed Registers Triggering Further Register Optimizations
 12. General Register Statistics
 13. Multiplexer Restructuring Statistics (Restructuring Performed)
 14. Parameter Settings for User Entity Instance: Top-level Entity: |sqrt_seq
 15. Elapsed Time Per Partition
 16. Analysis & Synthesis Messages



----------------
; Legal Notice ;
----------------
Copyright (C) 1991-2013 Altera Corporation
Your use of Altera Corporation's design tools, logic functions 
and other software and tools, and its AMPP partner logic 
functions, and any output files from any of the foregoing 
(including device programming or simulation files), and any 
associated documentation or information are expressly subject 
to the terms and conditions of the Altera Program License 
Subscription Agreement, Altera MegaCore Function License 
Agreement, or other applicable license agreement, including, 
without limitation, that your use is for the sole purpose of 
programming logic devices manufactured by Altera and sold by 
Altera or its authorized distributors.  Please refer to the 
applicable agreement for further details.



+---------------------------------------------------------------------------------------+
; Analysis & Synthesis Summary                                                          ;
+------------------------------------+--------------------------------------------------+
; Analysis & Synthesis Status        ; Successful - Wed Nov 05 10:09:05 2025            ;
; Quartus II 32-bit Version          ; 13.0.1 Build 232 06/12/2013 SP 1 SJ Full Version ;
; Revision Name                      ; top                                              ;
; Top-level Entity Name              ; sqrt_seq                                         ;
; Family                             ; Cyclone II                                       ;
; Total logic elements               ; 709                                              ;
;     Total combinational functions  ; 645                                              ;
;     Dedicated logic registers      ; 259                                              ;
; Total registers                    ; 259                                              ;
; Total pins                         ; 164                                              ;
; Total virtual pins                 ; 0                                                ;
; Total memory bits                  ; 0                                                ;
; Embedded Multiplier 9-bit elements ; 0                                                ;
; Total PLLs                         ; 0                                                ;
+------------------------------------+--------------------------------------------------+


+----------------------------------------------------------------------------------------------------------------------+
; Analysis & Synthesis Settings                                                                                        ;
+----------------------------------------------------------------------------+--------------------+--------------------+
; Option                                                                     ; Setting            ; Default Value      ;
+----------------------------------------------------------------------------+--------------------+--------------------+
; Device                                                                     ; EP2C20F484C7       ;                    ;
; Top-level entity name                                                      ; sqrt_seq           ; top                ;
; Family name                                                                ; Cyclone II         ; Cyclone IV GX      ;
; Use smart compilation                                                      ; Off                ; Off                ;
; Enable parallel Assembler and TimeQuest Timing Analyzer during compilation ; On                 ; On                 ;
; Enable compact report table                                                ; Off                ; Off                ;
; Restructure Multiplexers                                                   ; Auto               ; Auto               ;
; Create Debugging Nodes for IP Cores                                        ; Off                ; Off                ;
; Preserve fewer node names                                                  ; On                 ; On                 ;
; Disable OpenCore Plus hardware evaluation                                  ; Off                ; Off                ;
; Verilog Version                                                            ; Verilog_2001       ; Verilog_2001       ;
; VHDL Version                                                               ; VHDL_1993          ; VHDL_1993          ;
; State Machine Processing                                                   ; Auto               ; Auto               ;
; Safe State Machine                                                         ; Off                ; Off                ;
; Extract Verilog State Machines                                             ; On                 ; On                 ;
; Extract VHDL State Machines                                                ; On                 ; On                 ;
; Ignore Verilog initial constructs                                          ; Off                ; Off                ;
; Iteration limit for constant Verilog loops                                 ; 5000               ; 5000               ;
; Iteration limit for non-constant Verilog loops                             ; 250                ; 250                ;
; Add Pass-Through Logic to Inferred RAMs                                    ; On                 ; On                 ;
; Infer RAMs from Raw Logic                                                  ; On                 ; On                 ;
; Parallel Synthesis                                                         ; On                 ; On                 ;
; DSP Block Balancing                                                        ; Auto               ; Auto               ;
; NOT Gate Push-Back                                                         ; On                 ; On                 ;
; Power-Up Don't Care                                                        ; On                 ; On                 ;
; Remove Redundant Logic Cells                                               ; Off                ; Off                ;
; Remove Duplicate Registers                                                 ; On                 ; On                 ;
; Ignore CARRY Buffers                                                       ; Off                ; Off                ;
; Ignore CASCADE Buffers                                                     ; Off                ; Off                ;
; Ignore GLOBAL Buffers                                                      ; Off                ; Off                ;
; Ignore ROW GLOBAL Buffers                                                  ; Off                ; Off                ;
; Ignore LCELL Buffers                                                       ; Off                ; Off                ;
; Ignore SOFT Buffers                                                        ; On                 ; On                 ;
; Limit AHDL Integers to 32 Bits                                             ; Off                ; Off                ;
; Optimization Technique                                                     ; Balanced           ; Balanced           ;
; Carry Chain Length                                                         ; 70                 ; 70                 ;
; Auto Carry Chains                                                          ; On                 ; On                 ;
; Auto Open-Drain Pins                                                       ; On                 ; On                 ;
; Perform WYSIWYG Primitive Resynthesis                                      ; Off                ; Off                ;
; Auto ROM Replacement                                                       ; On                 ; On                 ;
; Auto RAM Replacement                                                       ; On                 ; On                 ;
; Auto Shift Register Replacement                                            ; Auto               ; Auto               ;
; Allow Shift Register Merging across Hierarchies                            ; Auto               ; Auto               ;
; Auto Clock Enable Replacement                                              ; On                 ; On                 ;
; Strict RAM Replacement                                                     ; Off                ; Off                ;
; Allow Synchronous Control Signals                                          ; On                 ; On                 ;
; Force Use of Synchronous Clear Signals                                     ; Off                ; Off                ;
; Auto RAM to Logic Cell Conversion                                          ; Off                ; Off                ;
; Auto Resource Sharing                                                      ; Off                ; Off                ;
; Allow Any RAM Size For Recognition                                         ; Off                ; Off                ;
; Allow Any ROM Size For Recognition                                         ; Off                ; Off                ;
; Allow Any Shift Register Size For Recognition                              ; Off                ; Off                ;
; Use LogicLock Constraints during Resource Balancing                        ; On                 ; On                 ;
; Ignore translate_off and synthesis_off directives                          ; Off                ; Off                ;
; Timing-Driven Synthesis                                                    ; Off                ; Off                ;
; Report Parameter Settings                                                  ; On                 ; On                 ;
; Report Source Assignments                                                  ; On                 ; On                 ;
; Report Connectivity Checks                                                 ; On                 ; On                 ;
; Ignore Maximum Fan-Out Assignments                                         ; Off                ; Off                ;
; Synchronization Register Chain Length                                      ; 2                  ; 2                  ;
; PowerPlay Power Optimization                                               ; Normal compilation ; Normal compilation ;
; HDL message level                                                          ; Level2             ; Level2             ;
; Suppress Register Optimization Related Messages                            ; Off                ; Off                ;
; Number of Removed Registers Reported in Synthesis Report                   ; 5000               ; 5000               ;
; Number of Swept Nodes Reported in Synthesis Report                         ; 5000               ; 5000               ;
; Number of Inverted Registers Reported in Synthesis Report                  ; 100                ; 100                ;
; Clock MUX Protection                                                       ; On                 ; On                 ;
; Auto Gated Clock Conversion                                                ; Off                ; Off                ;
; Block Design Naming                                                        ; Auto               ; Auto               ;
; SDC constraint protection                                                  ; Off                ; Off                ;
; Synthesis Effort                                                           ; Auto               ; Auto               ;
; Shift Register Replacement - Allow Asynchronous Clear Signal               ; On                 ; On                 ;
; Pre-Mapping Resynthesis Optimization                                       ; Off                ; Off                ;
; Analysis & Synthesis Message Level                                         ; Medium             ; Medium             ;
; Disable Register Merging Across Hierarchies                                ; Auto               ; Auto               ;
; Resource Aware Inference For Block RAM                                     ; On                 ; On                 ;
; Synthesis Seed                                                             ; 1                  ; 1                  ;
+----------------------------------------------------------------------------+--------------------+--------------------+


+------------------------------------------+
; Parallel Compilation                     ;
+----------------------------+-------------+
; Processors                 ; Number      ;
+----------------------------+-------------+
; Number detected on machine ; 24          ;
; Maximum allowed            ; 16          ;
;                            ;             ;
; Average used               ; 1.00        ;
; Maximum used               ; 1           ;
;                            ;             ;
; Usage by Processor         ; % Time Used ;
;     Processor 1            ; 100.0%      ;
;     Processors 2-24        ;   0.0%      ;
+----------------------------+-------------+


+-------------------------------------------------------------------------------------------------------------------------------------------------+
; Analysis & Synthesis Source Files Read                                                                                                          ;
+----------------------------------+-----------------+-----------------+----------------------------------------------------------------+---------+
; File Name with User-Entered Path ; Used in Netlist ; File Type       ; File Name with Absolute Path                                   ; Library ;
+----------------------------------+-----------------+-----------------+----------------------------------------------------------------+---------+
; sqrt_seq.vhd                     ; yes             ; User VHDL File  ; C:/Users/swanonk/Desktop/Projet_Racine_Carree_Etu/sqrt_seq.vhd ;         ;
+----------------------------------+-----------------+-----------------+----------------------------------------------------------------+---------+


+-----------------------------------------------------+
; Analysis & Synthesis Resource Usage Summary         ;
+---------------------------------------------+-------+
; Resource                                    ; Usage ;
+---------------------------------------------+-------+
; Estimated Total logic elements              ; 709   ;
;                                             ;       ;
; Total combinational functions               ; 645   ;
; Logic element usage by number of LUT inputs ;       ;
;     -- 4 input functions                    ; 160   ;
;     -- 3 input functions                    ; 320   ;
;     -- <=2 input functions                  ; 165   ;
;                                             ;       ;
; Logic elements by mode                      ;       ;
;     -- normal mode                          ; 299   ;
;     -- arithmetic mode                      ; 346   ;
;                                             ;       ;
; Total registers                             ; 259   ;
;     -- Dedicated logic registers            ; 259   ;
;     -- I/O registers                        ; 0     ;
;                                             ;       ;
; I/O pins                                    ; 164   ;
; Embedded Multiplier 9-bit elements          ; 0     ;
; Maximum fan-out node                        ; clk   ;
; Maximum fan-out                             ; 259   ;
; Total fan-out                               ; 2927  ;
; Average fan-out                             ; 2.74  ;
+---------------------------------------------+-------+


+-----------------------------------------------------------------------------------------------------------------------------------------------------------------------------+
; Analysis & Synthesis Resource Utilization by Entity                                                                                                                         ;
+----------------------------+-------------------+--------------+-------------+--------------+---------+-----------+------+--------------+---------------------+--------------+
; Compilation Hierarchy Node ; LC Combinationals ; LC Registers ; Memory Bits ; DSP Elements ; DSP 9x9 ; DSP 18x18 ; Pins ; Virtual Pins ; Full Hierarchy Name ; Library Name ;
+----------------------------+-------------------+--------------+-------------+--------------+---------+-----------+------+--------------+---------------------+--------------+
; |sqrt_seq                  ; 645 (645)         ; 259 (259)    ; 0           ; 0            ; 0       ; 0         ; 164  ; 0            ; |sqrt_seq           ; work         ;
+----------------------------+-------------------+--------------+-------------+--------------+---------+-----------+------+--------------+---------------------+--------------+
Note: For table entries with two numbers listed, the numbers in parentheses indicate the number of resources of the given type used by the specific entity alone. The numbers listed outside of parentheses indicate the total resources of the given type used by the specific entity and all of its sub-entities in the hierarchy.


Encoding Type:  One-Hot
+---------------------------------------------------------+
; State Machine - |sqrt_seq|state                         ;
+---------------+------------+---------------+------------+
; Name          ; state.DONE ; state.COMPUTE ; state.IDLE ;
+---------------+------------+---------------+------------+
; state.IDLE    ; 0          ; 0             ; 0          ;
; state.COMPUTE ; 0          ; 1             ; 1          ;
; state.DONE    ; 1          ; 0             ; 1          ;
+---------------+------------+---------------+------------+


+----------------------------------------------------------------------------------------------------+
; User-Specified and Inferred Latches                                                                ;
+-----------------------------------------------------+---------------------+------------------------+
; Latch Name                                          ; Latch Enable Signal ; Free of Timing Hazards ;
+-----------------------------------------------------+---------------------+------------------------+
; Resultat[0]$latch                                   ; state.DONE          ; yes                    ;
; Resultat[1]$latch                                   ; state.DONE          ; yes                    ;
; Resultat[2]$latch                                   ; state.DONE          ; yes                    ;
; Resultat[3]$latch                                   ; state.DONE          ; yes                    ;
; Resultat[4]$latch                                   ; state.DONE          ; yes                    ;
; Resultat[5]$latch                                   ; state.DONE          ; yes                    ;
; Resultat[6]$latch                                   ; state.DONE          ; yes                    ;
; Resultat[7]$latch                                   ; state.DONE          ; yes                    ;
; Resultat[8]$latch                                   ; state.DONE          ; yes                    ;
; Resultat[9]$latch                                   ; state.DONE          ; yes                    ;
; Resultat[10]$latch                                  ; state.DONE          ; yes                    ;
; Resultat[11]$latch                                  ; state.DONE          ; yes                    ;
; Resultat[12]$latch                                  ; state.DONE          ; yes                    ;
; Resultat[13]$latch                                  ; state.DONE          ; yes                    ;
; Resultat[14]$latch                                  ; state.DONE          ; yes                    ;
; Resultat[15]$latch                                  ; state.DONE          ; yes                    ;
; Resultat[16]$latch                                  ; state.DONE          ; yes                    ;
; Resultat[17]$latch                                  ; state.DONE          ; yes                    ;
; Resultat[18]$latch                                  ; state.DONE          ; yes                    ;
; Resultat[19]$latch                                  ; state.DONE          ; yes                    ;
; Resultat[20]$latch                                  ; state.DONE          ; yes                    ;
; Resultat[21]$latch                                  ; state.DONE          ; yes                    ;
; Resultat[22]$latch                                  ; state.DONE          ; yes                    ;
; Resultat[23]$latch                                  ; state.DONE          ; yes                    ;
; Resultat[24]$latch                                  ; state.DONE          ; yes                    ;
; Resultat[25]$latch                                  ; state.DONE          ; yes                    ;
; Resultat[26]$latch                                  ; state.DONE          ; yes                    ;
; Resultat[27]$latch                                  ; state.DONE          ; yes                    ;
; Resultat[28]$latch                                  ; state.DONE          ; yes                    ;
; Resultat[29]$latch                                  ; state.DONE          ; yes                    ;
; Resultat[30]$latch                                  ; state.DONE          ; yes                    ;
; Resultat[31]$latch                                  ; state.DONE          ; yes                    ;
; Number of user-specified and inferred latches = 32  ;                     ;                        ;
+-----------------------------------------------------+---------------------+------------------------+
Note: All latches listed above may not be present at the end of synthesis due to various synthesis optimizations.


+-----------------------------------------------------------------------------------------------------------------------------------------+
; Registers Removed During Synthesis                                                                                                      ;
+------------------------------------------------------------------------------------------------+----------------------------------------+
; Register name                                                                                  ; Reason for Removal                     ;
+------------------------------------------------------------------------------------------------+----------------------------------------+
; reg_V[63]                                                                                      ; Stuck at GND due to stuck port data_in ;
; s_idx[31]                                                                                      ; Merged with s_count[31]                ;
; s_idx[30]                                                                                      ; Merged with s_count[30]                ;
; s_idx[29]                                                                                      ; Merged with s_count[29]                ;
; s_idx[28]                                                                                      ; Merged with s_count[28]                ;
; s_idx[27]                                                                                      ; Merged with s_count[27]                ;
; s_idx[26]                                                                                      ; Merged with s_count[26]                ;
; s_idx[25]                                                                                      ; Merged with s_count[25]                ;
; s_idx[24]                                                                                      ; Merged with s_count[24]                ;
; s_idx[23]                                                                                      ; Merged with s_count[23]                ;
; s_idx[22]                                                                                      ; Merged with s_count[22]                ;
; s_idx[21]                                                                                      ; Merged with s_count[21]                ;
; s_idx[20]                                                                                      ; Merged with s_count[20]                ;
; s_idx[19]                                                                                      ; Merged with s_count[19]                ;
; s_idx[18]                                                                                      ; Merged with s_count[18]                ;
; s_idx[17]                                                                                      ; Merged with s_count[17]                ;
; s_idx[16]                                                                                      ; Merged with s_count[16]                ;
; s_idx[15]                                                                                      ; Merged with s_count[15]                ;
; s_idx[14]                                                                                      ; Merged with s_count[14]                ;
; s_idx[13]                                                                                      ; Merged with s_count[13]                ;
; s_idx[12]                                                                                      ; Merged with s_count[12]                ;
; s_idx[11]                                                                                      ; Merged with s_count[11]                ;
; s_idx[10]                                                                                      ; Merged with s_count[10]                ;
; s_idx[9]                                                                                       ; Merged with s_count[9]                 ;
; s_idx[8]                                                                                       ; Merged with s_count[8]                 ;
; s_idx[7]                                                                                       ; Merged with s_count[7]                 ;
; s_idx[6]                                                                                       ; Merged with s_count[6]                 ;
; s_idx[5]                                                                                       ; Merged with s_count[5]                 ;
; s_idx[4]                                                                                       ; Merged with s_count[4]                 ;
; s_idx[3]                                                                                       ; Merged with s_count[3]                 ;
; s_idx[2]                                                                                       ; Merged with s_count[2]                 ;
; s_idx[1]                                                                                       ; Merged with s_count[1]                 ;
; s_idx[0]                                                                                       ; Merged with s_count[0]                 ;
; reg_V[1,3,5,7,9,11,13,15,17,19,21,23,25,27,29,31,33,35,37,39,41,43,45,47,49,51,53,55,57,59,61] ; Stuck at GND due to stuck port data_in ;
; Total Number of Removed Registers = 64                                                         ;                                        ;
+------------------------------------------------------------------------------------------------+----------------------------------------+


+-------------------------------------------------------------------------------------------------------------------------------------+
; Removed Registers Triggering Further Register Optimizations                                                                         ;
+---------------+---------------------------+-----------------------------------------------------------------------------------------+
; Register name ; Reason for Removal        ; Registers Removed due to This Register                                                  ;
+---------------+---------------------------+-----------------------------------------------------------------------------------------+
; reg_V[63]     ; Stuck at GND              ; reg_V[61], reg_V[59], reg_V[57], reg_V[55], reg_V[53], reg_V[51], reg_V[49], reg_V[47], ;
;               ; due to stuck port data_in ; reg_V[45], reg_V[43], reg_V[41], reg_V[39], reg_V[37], reg_V[35], reg_V[33], reg_V[31], ;
;               ;                           ; reg_V[29], reg_V[27], reg_V[25], reg_V[23], reg_V[21], reg_V[19], reg_V[17], reg_V[15], ;
;               ;                           ; reg_V[13], reg_V[11], reg_V[9], reg_V[7], reg_V[5], reg_V[3], reg_V[1]                  ;
+---------------+---------------------------+-----------------------------------------------------------------------------------------+


+------------------------------------------------------+
; General Register Statistics                          ;
+----------------------------------------------+-------+
; Statistic                                    ; Value ;
+----------------------------------------------+-------+
; Total registers                              ; 259   ;
; Number of registers using Synchronous Clear  ; 0     ;
; Number of registers using Synchronous Load   ; 64    ;
; Number of registers using Asynchronous Clear ; 3     ;
; Number of registers using Asynchronous Load  ; 0     ;
; Number of registers using Clock Enable       ; 256   ;
; Number of registers using Preset             ; 0     ;
+----------------------------------------------+-------+


+------------------------------------------------------------------------------------------------------------------------------------------+
; Multiplexer Restructuring Statistics (Restructuring Performed)                                                                           ;
+--------------------+-----------+---------------+----------------------+------------------------+------------+----------------------------+
; Multiplexer Inputs ; Bus Width ; Baseline Area ; Area if Restructured ; Saving if Restructured ; Registered ; Example Multiplexer Output ;
+--------------------+-----------+---------------+----------------------+------------------------+------------+----------------------------+
; 4:1                ; 64 bits   ; 128 LEs       ; 64 LEs               ; 64 LEs                 ; Yes        ; |sqrt_seq|reg_X[38]        ;
+--------------------+-----------+---------------+----------------------+------------------------+------------+----------------------------+


+--------------------------------------------------------------------------+
; Parameter Settings for User Entity Instance: Top-level Entity: |sqrt_seq ;
+----------------+-------+-------------------------------------------------+
; Parameter Name ; Value ; Type                                            ;
+----------------+-------+-------------------------------------------------+
; nb_bits        ; 32    ; Signed Integer                                  ;
+----------------+-------+-------------------------------------------------+
Note: In order to hide this table in the UI and the text report file, please set the "Show Parameter Settings in Synthesis Report" option in "Analysis and Synthesis Settings -> More Settings" to "Off".


+-------------------------------+
; Elapsed Time Per Partition    ;
+----------------+--------------+
; Partition Name ; Elapsed Time ;
+----------------+--------------+
; Top            ; 00:00:00     ;
+----------------+--------------+


+-------------------------------+
; Analysis & Synthesis Messages ;
+-------------------------------+
Info: *******************************************************************
Info: Running Quartus II 32-bit Analysis & Synthesis
    Info: Version 13.0.1 Build 232 06/12/2013 Service Pack 1 SJ Full Version
    Info: Processing started: Wed Nov 05 10:08:55 2025
Info: Command: quartus_map --read_settings_files=on --write_settings_files=off top -c top
Info (11104): Parallel Compilation has detected 24 hyper-threaded processors. However, the extra hyper-threaded processors will not be used by default. Parallel Compilation will use 16 of the 16 physical processors detected instead.
Info (12021): Found 2 design units, including 1 entities, in source file sqrt_seq.vhd
    Info (12022): Found design unit 1: sqrt_seq-archi3
    Info (12023): Found entity 1: sqrt_seq
Info (12127): Elaborating entity "sqrt_seq" for the top level hierarchy
Warning (10631): VHDL Process Statement warning at sqrt_seq.vhd(334): inferring latch(es) for signal or variable "Resultat", which holds its previous value in one or more paths through the process
Info (10041): Inferred latch for "Resultat[0]" at sqrt_seq.vhd(334)
Info (10041): Inferred latch for "Resultat[1]" at sqrt_seq.vhd(334)
Info (10041): Inferred latch for "Resultat[2]" at sqrt_seq.vhd(334)
Info (10041): Inferred latch for "Resultat[3]" at sqrt_seq.vhd(334)
Info (10041): Inferred latch for "Resultat[4]" at sqrt_seq.vhd(334)
Info (10041): Inferred latch for "Resultat[5]" at sqrt_seq.vhd(334)
Info (10041): Inferred latch for "Resultat[6]" at sqrt_seq.vhd(334)
Info (10041): Inferred latch for "Resultat[7]" at sqrt_seq.vhd(334)
Info (10041): Inferred latch for "Resultat[8]" at sqrt_seq.vhd(334)
Info (10041): Inferred latch for "Resultat[9]" at sqrt_seq.vhd(334)
Info (10041): Inferred latch for "Resultat[10]" at sqrt_seq.vhd(334)
Info (10041): Inferred latch for "Resultat[11]" at sqrt_seq.vhd(334)
Info (10041): Inferred latch for "Resultat[12]" at sqrt_seq.vhd(334)
Info (10041): Inferred latch for "Resultat[13]" at sqrt_seq.vhd(334)
Info (10041): Inferred latch for "Resultat[14]" at sqrt_seq.vhd(334)
Info (10041): Inferred latch for "Resultat[15]" at sqrt_seq.vhd(334)
Info (10041): Inferred latch for "Resultat[16]" at sqrt_seq.vhd(334)
Info (10041): Inferred latch for "Resultat[17]" at sqrt_seq.vhd(334)
Info (10041): Inferred latch for "Resultat[18]" at sqrt_seq.vhd(334)
Info (10041): Inferred latch for "Resultat[19]" at sqrt_seq.vhd(334)
Info (10041): Inferred latch for "Resultat[20]" at sqrt_seq.vhd(334)
Info (10041): Inferred latch for "Resultat[21]" at sqrt_seq.vhd(334)
Info (10041): Inferred latch for "Resultat[22]" at sqrt_seq.vhd(334)
Info (10041): Inferred latch for "Resultat[23]" at sqrt_seq.vhd(334)
Info (10041): Inferred latch for "Resultat[24]" at sqrt_seq.vhd(334)
Info (10041): Inferred latch for "Resultat[25]" at sqrt_seq.vhd(334)
Info (10041): Inferred latch for "Resultat[26]" at sqrt_seq.vhd(334)
Info (10041): Inferred latch for "Resultat[27]" at sqrt_seq.vhd(334)
Info (10041): Inferred latch for "Resultat[28]" at sqrt_seq.vhd(334)
Info (10041): Inferred latch for "Resultat[29]" at sqrt_seq.vhd(334)
Info (10041): Inferred latch for "Resultat[30]" at sqrt_seq.vhd(334)
Info (10041): Inferred latch for "Resultat[31]" at sqrt_seq.vhd(334)
Info (16010): Generating hard_block partition "hard_block:auto_generated_inst"
    Info (16011): Adding 0 node(s), including 0 DDIO, 0 PLL, 0 transceiver and 0 LCELL
Info (21057): Implemented 873 device resources after synthesis - the final resource count might be different
    Info (21058): Implemented 67 input pins
    Info (21059): Implemented 97 output pins
    Info (21061): Implemented 709 logic cells
Info: Quartus II 32-bit Analysis & Synthesis was successful. 0 errors, 1 warning
    Info: Peak virtual memory: 427 megabytes
    Info: Processing ended: Wed Nov 05 10:09:05 2025
    Info: Elapsed time: 00:00:10
    Info: Total CPU time (on all processors): 00:00:01


