Analysis & Synthesis report for top
Wed Dec 10 13:48:02 2025
Quartus II 32-bit Version 13.0.1 Build 232 06/12/2013 Service Pack 1 SJ Web Edition


---------------------
; Table of Contents ;
---------------------
  1. Legal Notice
  2. Analysis & Synthesis Summary
  3. Analysis & Synthesis Settings
  4. Parallel Compilation
  5. Analysis & Synthesis Source Files Read
  6. Analysis & Synthesis Resource Usage Summary
  7. Analysis & Synthesis Resource Utilization by Entity
  8. General Register Statistics
  9. Parameter Settings for User Entity Instance: Top-level Entity: |sqrt_seq
 10. Parameter Settings for User Entity Instance: sqrt_transformer:\gen_components:0:trans_i
 11. Parameter Settings for User Entity Instance: sqrt_transformer:\gen_components:1:trans_i
 12. Parameter Settings for User Entity Instance: sqrt_transformer:\gen_components:2:trans_i
 13. Parameter Settings for User Entity Instance: sqrt_transformer:\gen_components:3:trans_i
 14. Parameter Settings for User Entity Instance: sqrt_transformer:\gen_components:4:trans_i
 15. Parameter Settings for User Entity Instance: sqrt_transformer:\gen_components:5:trans_i
 16. Parameter Settings for User Entity Instance: sqrt_transformer:\gen_components:6:trans_i
 17. Parameter Settings for User Entity Instance: sqrt_transformer:\gen_components:7:trans_i
 18. Parameter Settings for User Entity Instance: sqrt_transformer:\gen_components:8:trans_i
 19. Parameter Settings for User Entity Instance: sqrt_transformer:\gen_components:9:trans_i
 20. Parameter Settings for User Entity Instance: sqrt_transformer:\gen_components:10:trans_i
 21. Parameter Settings for User Entity Instance: sqrt_transformer:\gen_components:11:trans_i
 22. Parameter Settings for User Entity Instance: sqrt_transformer:\gen_components:12:trans_i
 23. Parameter Settings for User Entity Instance: sqrt_transformer:\gen_components:13:trans_i
 24. Parameter Settings for User Entity Instance: sqrt_transformer:\gen_components:14:trans_i
 25. Parameter Settings for User Entity Instance: sqrt_transformer:\gen_components:15:trans_i
 26. Parameter Settings for User Entity Instance: sqrt_transformer:\gen_components:16:trans_i
 27. Parameter Settings for User Entity Instance: sqrt_transformer:\gen_components:17:trans_i
 28. Parameter Settings for User Entity Instance: sqrt_transformer:\gen_components:18:trans_i
 29. Parameter Settings for User Entity Instance: sqrt_transformer:\gen_components:19:trans_i
 30. Parameter Settings for User Entity Instance: sqrt_transformer:\gen_components:20:trans_i
 31. Parameter Settings for User Entity Instance: sqrt_transformer:\gen_components:21:trans_i
 32. Parameter Settings for User Entity Instance: sqrt_transformer:\gen_components:22:trans_i
 33. Parameter Settings for User Entity Instance: sqrt_transformer:\gen_components:23:trans_i
 34. Parameter Settings for User Entity Instance: sqrt_transformer:\gen_components:24:trans_i
 35. Parameter Settings for User Entity Instance: sqrt_transformer:\gen_components:25:trans_i
 36. Parameter Settings for User Entity Instance: sqrt_transformer:\gen_components:26:trans_i
 37. Parameter Settings for User Entity Instance: sqrt_transformer:\gen_components:27:trans_i
 38. Parameter Settings for User Entity Instance: sqrt_transformer:\gen_components:28:trans_i
 39. Parameter Settings for User Entity Instance: sqrt_transformer:\gen_components:29:trans_i
 40. Parameter Settings for User Entity Instance: sqrt_transformer:\gen_components:30:trans_i
 41. Parameter Settings for User Entity Instance: sqrt_transformer:\gen_components:31:trans_i
 42. Port Connectivity Checks: "sqrt_transformer:\gen_components:31:trans_i"
 43. Port Connectivity Checks: "sqrt_transformer:\gen_components:0:trans_i"
 44. Elapsed Time Per Partition
 45. Analysis & Synthesis Messages



----------------
; Legal Notice ;
----------------
Copyright (C) 1991-2013 Altera Corporation
Your use of Altera Corporation's design tools, logic functions 
and other software and tools, and its AMPP partner logic 
functions, and any output files from any of the foregoing 
(including device programming or simulation files), and any 
associated documentation or information are expressly subject 
to the terms and conditions of the Altera Program License 
Subscription Agreement, Altera MegaCore Function License 
Agreement, or other applicable license agreement, including, 
without limitation, that your use is for the sole purpose of 
programming logic devices manufactured by Altera and sold by 
Altera or its authorized distributors.  Please refer to the 
applicable agreement for further details.



+--------------------------------------------------------------------------------------+
; Analysis & Synthesis Summary                                                         ;
+------------------------------------+-------------------------------------------------+
; Analysis & Synthesis Status        ; Successful - Wed Dec 10 13:48:02 2025           ;
; Quartus II 32-bit Version          ; 13.0.1 Build 232 06/12/2013 SP 1 SJ Web Edition ;
; Revision Name                      ; top                                             ;
; Top-level Entity Name              ; sqrt_seq                                        ;
; Family                             ; Cyclone II                                      ;
; Total logic elements               ; 2,743                                           ;
;     Total combinational functions  ; 2,679                                           ;
;     Dedicated logic registers      ; 96                                              ;
; Total registers                    ; 96                                              ;
; Total pins                         ; 164                                             ;
; Total virtual pins                 ; 0                                               ;
; Total memory bits                  ; 0                                               ;
; Embedded Multiplier 9-bit elements ; 0                                               ;
; Total PLLs                         ; 0                                               ;
+------------------------------------+-------------------------------------------------+


+----------------------------------------------------------------------------------------------------------------------+
; Analysis & Synthesis Settings                                                                                        ;
+----------------------------------------------------------------------------+--------------------+--------------------+
; Option                                                                     ; Setting            ; Default Value      ;
+----------------------------------------------------------------------------+--------------------+--------------------+
; Device                                                                     ; EP2C20F484C7       ;                    ;
; Top-level entity name                                                      ; sqrt_seq           ; top                ;
; Family name                                                                ; Cyclone II         ; Cyclone IV GX      ;
; Use smart compilation                                                      ; Off                ; Off                ;
; Enable parallel Assembler and TimeQuest Timing Analyzer during compilation ; On                 ; On                 ;
; Enable compact report table                                                ; Off                ; Off                ;
; Restructure Multiplexers                                                   ; Auto               ; Auto               ;
; Create Debugging Nodes for IP Cores                                        ; Off                ; Off                ;
; Preserve fewer node names                                                  ; On                 ; On                 ;
; Disable OpenCore Plus hardware evaluation                                  ; Off                ; Off                ;
; Verilog Version                                                            ; Verilog_2001       ; Verilog_2001       ;
; VHDL Version                                                               ; VHDL_1993          ; VHDL_1993          ;
; State Machine Processing                                                   ; Auto               ; Auto               ;
; Safe State Machine                                                         ; Off                ; Off                ;
; Extract Verilog State Machines                                             ; On                 ; On                 ;
; Extract VHDL State Machines                                                ; On                 ; On                 ;
; Ignore Verilog initial constructs                                          ; Off                ; Off                ;
; Iteration limit for constant Verilog loops                                 ; 5000               ; 5000               ;
; Iteration limit for non-constant Verilog loops                             ; 250                ; 250                ;
; Add Pass-Through Logic to Inferred RAMs                                    ; On                 ; On                 ;
; Infer RAMs from Raw Logic                                                  ; On                 ; On                 ;
; Parallel Synthesis                                                         ; On                 ; On                 ;
; DSP Block Balancing                                                        ; Auto               ; Auto               ;
; NOT Gate Push-Back                                                         ; On                 ; On                 ;
; Power-Up Don't Care                                                        ; On                 ; On                 ;
; Remove Redundant Logic Cells                                               ; Off                ; Off                ;
; Remove Duplicate Registers                                                 ; On                 ; On                 ;
; Ignore CARRY Buffers                                                       ; Off                ; Off                ;
; Ignore CASCADE Buffers                                                     ; Off                ; Off                ;
; Ignore GLOBAL Buffers                                                      ; Off                ; Off                ;
; Ignore ROW GLOBAL Buffers                                                  ; Off                ; Off                ;
; Ignore LCELL Buffers                                                       ; Off                ; Off                ;
; Ignore SOFT Buffers                                                        ; On                 ; On                 ;
; Limit AHDL Integers to 32 Bits                                             ; Off                ; Off                ;
; Optimization Technique                                                     ; Balanced           ; Balanced           ;
; Carry Chain Length                                                         ; 70                 ; 70                 ;
; Auto Carry Chains                                                          ; On                 ; On                 ;
; Auto Open-Drain Pins                                                       ; On                 ; On                 ;
; Perform WYSIWYG Primitive Resynthesis                                      ; Off                ; Off                ;
; Auto ROM Replacement                                                       ; On                 ; On                 ;
; Auto RAM Replacement                                                       ; On                 ; On                 ;
; Auto Shift Register Replacement                                            ; Auto               ; Auto               ;
; Allow Shift Register Merging across Hierarchies                            ; Auto               ; Auto               ;
; Auto Clock Enable Replacement                                              ; On                 ; On                 ;
; Strict RAM Replacement                                                     ; Off                ; Off                ;
; Allow Synchronous Control Signals                                          ; On                 ; On                 ;
; Force Use of Synchronous Clear Signals                                     ; Off                ; Off                ;
; Auto RAM to Logic Cell Conversion                                          ; Off                ; Off                ;
; Auto Resource Sharing                                                      ; Off                ; Off                ;
; Allow Any RAM Size For Recognition                                         ; Off                ; Off                ;
; Allow Any ROM Size For Recognition                                         ; Off                ; Off                ;
; Allow Any Shift Register Size For Recognition                              ; Off                ; Off                ;
; Use LogicLock Constraints during Resource Balancing                        ; On                 ; On                 ;
; Ignore translate_off and synthesis_off directives                          ; Off                ; Off                ;
; Timing-Driven Synthesis                                                    ; Off                ; Off                ;
; Report Parameter Settings                                                  ; On                 ; On                 ;
; Report Source Assignments                                                  ; On                 ; On                 ;
; Report Connectivity Checks                                                 ; On                 ; On                 ;
; Ignore Maximum Fan-Out Assignments                                         ; Off                ; Off                ;
; Synchronization Register Chain Length                                      ; 2                  ; 2                  ;
; PowerPlay Power Optimization                                               ; Normal compilation ; Normal compilation ;
; HDL message level                                                          ; Level2             ; Level2             ;
; Suppress Register Optimization Related Messages                            ; Off                ; Off                ;
; Number of Removed Registers Reported in Synthesis Report                   ; 5000               ; 5000               ;
; Number of Swept Nodes Reported in Synthesis Report                         ; 5000               ; 5000               ;
; Number of Inverted Registers Reported in Synthesis Report                  ; 100                ; 100                ;
; Clock MUX Protection                                                       ; On                 ; On                 ;
; Auto Gated Clock Conversion                                                ; Off                ; Off                ;
; Block Design Naming                                                        ; Auto               ; Auto               ;
; SDC constraint protection                                                  ; Off                ; Off                ;
; Synthesis Effort                                                           ; Auto               ; Auto               ;
; Shift Register Replacement - Allow Asynchronous Clear Signal               ; On                 ; On                 ;
; Pre-Mapping Resynthesis Optimization                                       ; Off                ; Off                ;
; Analysis & Synthesis Message Level                                         ; Medium             ; Medium             ;
; Disable Register Merging Across Hierarchies                                ; Auto               ; Auto               ;
; Resource Aware Inference For Block RAM                                     ; On                 ; On                 ;
; Synthesis Seed                                                             ; 1                  ; 1                  ;
+----------------------------------------------------------------------------+--------------------+--------------------+


Parallel compilation was disabled, but you have multiple processors available. Enable parallel compilation to reduce compilation time.
+-------------------------------------+
; Parallel Compilation                ;
+----------------------------+--------+
; Processors                 ; Number ;
+----------------------------+--------+
; Number detected on machine ; 12     ;
; Maximum allowed            ; 1      ;
+----------------------------+--------+


+------------------------------------------------------------------------------------------------------------------------------+
; Analysis & Synthesis Source Files Read                                                                                       ;
+----------------------------------+-----------------+-----------------+---------------------------------------------+---------+
; File Name with User-Entered Path ; Used in Netlist ; File Type       ; File Name with Absolute Path                ; Library ;
+----------------------------------+-----------------+-----------------+---------------------------------------------+---------+
; sqrt_transformer.vhd             ; yes             ; User VHDL File  ; C:/ET5/FPGA/TP/sqrt-hw/sqrt_transformer.vhd ;         ;
; sqrt_seq.vhd                     ; yes             ; User VHDL File  ; C:/ET5/FPGA/TP/sqrt-hw/sqrt_seq.vhd         ;         ;
+----------------------------------+-----------------+-----------------+---------------------------------------------+---------+


+-----------------------------------------------------+
; Analysis & Synthesis Resource Usage Summary         ;
+---------------------------------------------+-------+
; Resource                                    ; Usage ;
+---------------------------------------------+-------+
; Estimated Total logic elements              ; 2,743 ;
;                                             ;       ;
; Total combinational functions               ; 2679  ;
; Logic element usage by number of LUT inputs ;       ;
;     -- 4 input functions                    ; 312   ;
;     -- 3 input functions                    ; 1470  ;
;     -- <=2 input functions                  ; 897   ;
;                                             ;       ;
; Logic elements by mode                      ;       ;
;     -- normal mode                          ; 1237  ;
;     -- arithmetic mode                      ; 1442  ;
;                                             ;       ;
; Total registers                             ; 96    ;
;     -- Dedicated logic registers            ; 96    ;
;     -- I/O registers                        ; 0     ;
;                                             ;       ;
; I/O pins                                    ; 164   ;
; Embedded Multiplier 9-bit elements          ; 0     ;
; Maximum fan-out node                        ; clk   ;
; Maximum fan-out                             ; 96    ;
; Total fan-out                               ; 7740  ;
; Average fan-out                             ; 2.63  ;
+---------------------------------------------+-------+


+-------------------------------------------------------------------------------------------------------------------------------------------------------------------------------------------------------------------------------------+
; Analysis & Synthesis Resource Utilization by Entity                                                                                                                                                                                 ;
+--------------------------------------------------+-------------------+--------------+-------------+--------------+---------+-----------+------+--------------+-------------------------------------------------------+--------------+
; Compilation Hierarchy Node                       ; LC Combinationals ; LC Registers ; Memory Bits ; DSP Elements ; DSP 9x9 ; DSP 18x18 ; Pins ; Virtual Pins ; Full Hierarchy Name                                   ; Library Name ;
+--------------------------------------------------+-------------------+--------------+-------------+--------------+---------+-----------+------+--------------+-------------------------------------------------------+--------------+
; |sqrt_seq                                        ; 2679 (31)         ; 96 (96)      ; 0           ; 0            ; 0       ; 0         ; 164  ; 0            ; |sqrt_seq                                             ; work         ;
;    |sqrt_transformer:\gen_components:0:trans_i|  ; 4 (4)             ; 0 (0)        ; 0           ; 0            ; 0       ; 0         ; 0    ; 0            ; |sqrt_seq|sqrt_transformer:\gen_components:0:trans_i  ; work         ;
;    |sqrt_transformer:\gen_components:10:trans_i| ; 57 (57)           ; 0 (0)        ; 0           ; 0            ; 0       ; 0         ; 0    ; 0            ; |sqrt_seq|sqrt_transformer:\gen_components:10:trans_i ; work         ;
;    |sqrt_transformer:\gen_components:11:trans_i| ; 61 (61)           ; 0 (0)        ; 0           ; 0            ; 0       ; 0         ; 0    ; 0            ; |sqrt_seq|sqrt_transformer:\gen_components:11:trans_i ; work         ;
;    |sqrt_transformer:\gen_components:12:trans_i| ; 68 (68)           ; 0 (0)        ; 0           ; 0            ; 0       ; 0         ; 0    ; 0            ; |sqrt_seq|sqrt_transformer:\gen_components:12:trans_i ; work         ;
;    |sqrt_transformer:\gen_components:13:trans_i| ; 74 (74)           ; 0 (0)        ; 0           ; 0            ; 0       ; 0         ; 0    ; 0            ; |sqrt_seq|sqrt_transformer:\gen_components:13:trans_i ; work         ;
;    |sqrt_transformer:\gen_components:14:trans_i| ; 78 (78)           ; 0 (0)        ; 0           ; 0            ; 0       ; 0         ; 0    ; 0            ; |sqrt_seq|sqrt_transformer:\gen_components:14:trans_i ; work         ;
;    |sqrt_transformer:\gen_components:15:trans_i| ; 84 (84)           ; 0 (0)        ; 0           ; 0            ; 0       ; 0         ; 0    ; 0            ; |sqrt_seq|sqrt_transformer:\gen_components:15:trans_i ; work         ;
;    |sqrt_transformer:\gen_components:16:trans_i| ; 89 (89)           ; 0 (0)        ; 0           ; 0            ; 0       ; 0         ; 0    ; 0            ; |sqrt_seq|sqrt_transformer:\gen_components:16:trans_i ; work         ;
;    |sqrt_transformer:\gen_components:17:trans_i| ; 93 (93)           ; 0 (0)        ; 0           ; 0            ; 0       ; 0         ; 0    ; 0            ; |sqrt_seq|sqrt_transformer:\gen_components:17:trans_i ; work         ;
;    |sqrt_transformer:\gen_components:18:trans_i| ; 99 (99)           ; 0 (0)        ; 0           ; 0            ; 0       ; 0         ; 0    ; 0            ; |sqrt_seq|sqrt_transformer:\gen_components:18:trans_i ; work         ;
;    |sqrt_transformer:\gen_components:19:trans_i| ; 107 (107)         ; 0 (0)        ; 0           ; 0            ; 0       ; 0         ; 0    ; 0            ; |sqrt_seq|sqrt_transformer:\gen_components:19:trans_i ; work         ;
;    |sqrt_transformer:\gen_components:1:trans_i|  ; 11 (11)           ; 0 (0)        ; 0           ; 0            ; 0       ; 0         ; 0    ; 0            ; |sqrt_seq|sqrt_transformer:\gen_components:1:trans_i  ; work         ;
;    |sqrt_transformer:\gen_components:20:trans_i| ; 112 (112)         ; 0 (0)        ; 0           ; 0            ; 0       ; 0         ; 0    ; 0            ; |sqrt_seq|sqrt_transformer:\gen_components:20:trans_i ; work         ;
;    |sqrt_transformer:\gen_components:21:trans_i| ; 118 (118)         ; 0 (0)        ; 0           ; 0            ; 0       ; 0         ; 0    ; 0            ; |sqrt_seq|sqrt_transformer:\gen_components:21:trans_i ; work         ;
;    |sqrt_transformer:\gen_components:22:trans_i| ; 124 (124)         ; 0 (0)        ; 0           ; 0            ; 0       ; 0         ; 0    ; 0            ; |sqrt_seq|sqrt_transformer:\gen_components:22:trans_i ; work         ;
;    |sqrt_transformer:\gen_components:23:trans_i| ; 128 (128)         ; 0 (0)        ; 0           ; 0            ; 0       ; 0         ; 0    ; 0            ; |sqrt_seq|sqrt_transformer:\gen_components:23:trans_i ; work         ;
;    |sqrt_transformer:\gen_components:24:trans_i| ; 136 (136)         ; 0 (0)        ; 0           ; 0            ; 0       ; 0         ; 0    ; 0            ; |sqrt_seq|sqrt_transformer:\gen_components:24:trans_i ; work         ;
;    |sqrt_transformer:\gen_components:25:trans_i| ; 142 (142)         ; 0 (0)        ; 0           ; 0            ; 0       ; 0         ; 0    ; 0            ; |sqrt_seq|sqrt_transformer:\gen_components:25:trans_i ; work         ;
;    |sqrt_transformer:\gen_components:26:trans_i| ; 145 (145)         ; 0 (0)        ; 0           ; 0            ; 0       ; 0         ; 0    ; 0            ; |sqrt_seq|sqrt_transformer:\gen_components:26:trans_i ; work         ;
;    |sqrt_transformer:\gen_components:27:trans_i| ; 151 (151)         ; 0 (0)        ; 0           ; 0            ; 0       ; 0         ; 0    ; 0            ; |sqrt_seq|sqrt_transformer:\gen_components:27:trans_i ; work         ;
;    |sqrt_transformer:\gen_components:28:trans_i| ; 158 (158)         ; 0 (0)        ; 0           ; 0            ; 0       ; 0         ; 0    ; 0            ; |sqrt_seq|sqrt_transformer:\gen_components:28:trans_i ; work         ;
;    |sqrt_transformer:\gen_components:29:trans_i| ; 161 (161)         ; 0 (0)        ; 0           ; 0            ; 0       ; 0         ; 0    ; 0            ; |sqrt_seq|sqrt_transformer:\gen_components:29:trans_i ; work         ;
;    |sqrt_transformer:\gen_components:2:trans_i|  ; 15 (15)           ; 0 (0)        ; 0           ; 0            ; 0       ; 0         ; 0    ; 0            ; |sqrt_seq|sqrt_transformer:\gen_components:2:trans_i  ; work         ;
;    |sqrt_transformer:\gen_components:30:trans_i| ; 137 (137)         ; 0 (0)        ; 0           ; 0            ; 0       ; 0         ; 0    ; 0            ; |sqrt_seq|sqrt_transformer:\gen_components:30:trans_i ; work         ;
;    |sqrt_transformer:\gen_components:31:trans_i| ; 44 (44)           ; 0 (0)        ; 0           ; 0            ; 0       ; 0         ; 0    ; 0            ; |sqrt_seq|sqrt_transformer:\gen_components:31:trans_i ; work         ;
;    |sqrt_transformer:\gen_components:3:trans_i|  ; 20 (20)           ; 0 (0)        ; 0           ; 0            ; 0       ; 0         ; 0    ; 0            ; |sqrt_seq|sqrt_transformer:\gen_components:3:trans_i  ; work         ;
;    |sqrt_transformer:\gen_components:4:trans_i|  ; 28 (28)           ; 0 (0)        ; 0           ; 0            ; 0       ; 0         ; 0    ; 0            ; |sqrt_seq|sqrt_transformer:\gen_components:4:trans_i  ; work         ;
;    |sqrt_transformer:\gen_components:5:trans_i|  ; 31 (31)           ; 0 (0)        ; 0           ; 0            ; 0       ; 0         ; 0    ; 0            ; |sqrt_seq|sqrt_transformer:\gen_components:5:trans_i  ; work         ;
;    |sqrt_transformer:\gen_components:6:trans_i|  ; 35 (35)           ; 0 (0)        ; 0           ; 0            ; 0       ; 0         ; 0    ; 0            ; |sqrt_seq|sqrt_transformer:\gen_components:6:trans_i  ; work         ;
;    |sqrt_transformer:\gen_components:7:trans_i|  ; 41 (41)           ; 0 (0)        ; 0           ; 0            ; 0       ; 0         ; 0    ; 0            ; |sqrt_seq|sqrt_transformer:\gen_components:7:trans_i  ; work         ;
;    |sqrt_transformer:\gen_components:8:trans_i|  ; 45 (45)           ; 0 (0)        ; 0           ; 0            ; 0       ; 0         ; 0    ; 0            ; |sqrt_seq|sqrt_transformer:\gen_components:8:trans_i  ; work         ;
;    |sqrt_transformer:\gen_components:9:trans_i|  ; 52 (52)           ; 0 (0)        ; 0           ; 0            ; 0       ; 0         ; 0    ; 0            ; |sqrt_seq|sqrt_transformer:\gen_components:9:trans_i  ; work         ;
+--------------------------------------------------+-------------------+--------------+-------------+--------------+---------+-----------+------+--------------+-------------------------------------------------------+--------------+
Note: For table entries with two numbers listed, the numbers in parentheses indicate the number of resources of the given type used by the specific entity alone. The numbers listed outside of parentheses indicate the total resources of the given type used by the specific entity and all of its sub-entities in the hierarchy.


+------------------------------------------------------+
; General Register Statistics                          ;
+----------------------------------------------+-------+
; Statistic                                    ; Value ;
+----------------------------------------------+-------+
; Total registers                              ; 96    ;
; Number of registers using Synchronous Clear  ; 0     ;
; Number of registers using Synchronous Load   ; 0     ;
; Number of registers using Asynchronous Clear ; 0     ;
; Number of registers using Asynchronous Load  ; 0     ;
; Number of registers using Clock Enable       ; 96    ;
; Number of registers using Preset             ; 0     ;
+----------------------------------------------+-------+


+--------------------------------------------------------------------------+
; Parameter Settings for User Entity Instance: Top-level Entity: |sqrt_seq ;
+----------------+-------+-------------------------------------------------+
; Parameter Name ; Value ; Type                                            ;
+----------------+-------+-------------------------------------------------+
; nb_bits        ; 32    ; Signed Integer                                  ;
+----------------+-------+-------------------------------------------------+
Note: In order to hide this table in the UI and the text report file, please set the "Show Parameter Settings in Synthesis Report" option in "Analysis and Synthesis Settings -> More Settings" to "Off".


+-----------------------------------------------------------------------------------------+
; Parameter Settings for User Entity Instance: sqrt_transformer:\gen_components:0:trans_i ;
+----------------+-------+----------------------------------------------------------------+
; Parameter Name ; Value ; Type                                                           ;
+----------------+-------+----------------------------------------------------------------+
; nb_bits        ; 32    ; Signed Integer                                                 ;
+----------------+-------+----------------------------------------------------------------+
Note: In order to hide this table in the UI and the text report file, please set the "Show Parameter Settings in Synthesis Report" option in "Analysis and Synthesis Settings -> More Settings" to "Off".


+-----------------------------------------------------------------------------------------+
; Parameter Settings for User Entity Instance: sqrt_transformer:\gen_components:1:trans_i ;
+----------------+-------+----------------------------------------------------------------+
; Parameter Name ; Value ; Type                                                           ;
+----------------+-------+----------------------------------------------------------------+
; nb_bits        ; 32    ; Signed Integer                                                 ;
+----------------+-------+----------------------------------------------------------------+
Note: In order to hide this table in the UI and the text report file, please set the "Show Parameter Settings in Synthesis Report" option in "Analysis and Synthesis Settings -> More Settings" to "Off".


+-----------------------------------------------------------------------------------------+
; Parameter Settings for User Entity Instance: sqrt_transformer:\gen_components:2:trans_i ;
+----------------+-------+----------------------------------------------------------------+
; Parameter Name ; Value ; Type                                                           ;
+----------------+-------+----------------------------------------------------------------+
; nb_bits        ; 32    ; Signed Integer                                                 ;
+----------------+-------+----------------------------------------------------------------+
Note: In order to hide this table in the UI and the text report file, please set the "Show Parameter Settings in Synthesis Report" option in "Analysis and Synthesis Settings -> More Settings" to "Off".


+-----------------------------------------------------------------------------------------+
; Parameter Settings for User Entity Instance: sqrt_transformer:\gen_components:3:trans_i ;
+----------------+-------+----------------------------------------------------------------+
; Parameter Name ; Value ; Type                                                           ;
+----------------+-------+----------------------------------------------------------------+
; nb_bits        ; 32    ; Signed Integer                                                 ;
+----------------+-------+----------------------------------------------------------------+
Note: In order to hide this table in the UI and the text report file, please set the "Show Parameter Settings in Synthesis Report" option in "Analysis and Synthesis Settings -> More Settings" to "Off".


+-----------------------------------------------------------------------------------------+
; Parameter Settings for User Entity Instance: sqrt_transformer:\gen_components:4:trans_i ;
+----------------+-------+----------------------------------------------------------------+
; Parameter Name ; Value ; Type                                                           ;
+----------------+-------+----------------------------------------------------------------+
; nb_bits        ; 32    ; Signed Integer                                                 ;
+----------------+-------+----------------------------------------------------------------+
Note: In order to hide this table in the UI and the text report file, please set the "Show Parameter Settings in Synthesis Report" option in "Analysis and Synthesis Settings -> More Settings" to "Off".


+-----------------------------------------------------------------------------------------+
; Parameter Settings for User Entity Instance: sqrt_transformer:\gen_components:5:trans_i ;
+----------------+-------+----------------------------------------------------------------+
; Parameter Name ; Value ; Type                                                           ;
+----------------+-------+----------------------------------------------------------------+
; nb_bits        ; 32    ; Signed Integer                                                 ;
+----------------+-------+----------------------------------------------------------------+
Note: In order to hide this table in the UI and the text report file, please set the "Show Parameter Settings in Synthesis Report" option in "Analysis and Synthesis Settings -> More Settings" to "Off".


+-----------------------------------------------------------------------------------------+
; Parameter Settings for User Entity Instance: sqrt_transformer:\gen_components:6:trans_i ;
+----------------+-------+----------------------------------------------------------------+
; Parameter Name ; Value ; Type                                                           ;
+----------------+-------+----------------------------------------------------------------+
; nb_bits        ; 32    ; Signed Integer                                                 ;
+----------------+-------+----------------------------------------------------------------+
Note: In order to hide this table in the UI and the text report file, please set the "Show Parameter Settings in Synthesis Report" option in "Analysis and Synthesis Settings -> More Settings" to "Off".


+-----------------------------------------------------------------------------------------+
; Parameter Settings for User Entity Instance: sqrt_transformer:\gen_components:7:trans_i ;
+----------------+-------+----------------------------------------------------------------+
; Parameter Name ; Value ; Type                                                           ;
+----------------+-------+----------------------------------------------------------------+
; nb_bits        ; 32    ; Signed Integer                                                 ;
+----------------+-------+----------------------------------------------------------------+
Note: In order to hide this table in the UI and the text report file, please set the "Show Parameter Settings in Synthesis Report" option in "Analysis and Synthesis Settings -> More Settings" to "Off".


+-----------------------------------------------------------------------------------------+
; Parameter Settings for User Entity Instance: sqrt_transformer:\gen_components:8:trans_i ;
+----------------+-------+----------------------------------------------------------------+
; Parameter Name ; Value ; Type                                                           ;
+----------------+-------+----------------------------------------------------------------+
; nb_bits        ; 32    ; Signed Integer                                                 ;
+----------------+-------+----------------------------------------------------------------+
Note: In order to hide this table in the UI and the text report file, please set the "Show Parameter Settings in Synthesis Report" option in "Analysis and Synthesis Settings -> More Settings" to "Off".


+-----------------------------------------------------------------------------------------+
; Parameter Settings for User Entity Instance: sqrt_transformer:\gen_components:9:trans_i ;
+----------------+-------+----------------------------------------------------------------+
; Parameter Name ; Value ; Type                                                           ;
+----------------+-------+----------------------------------------------------------------+
; nb_bits        ; 32    ; Signed Integer                                                 ;
+----------------+-------+----------------------------------------------------------------+
Note: In order to hide this table in the UI and the text report file, please set the "Show Parameter Settings in Synthesis Report" option in "Analysis and Synthesis Settings -> More Settings" to "Off".


+------------------------------------------------------------------------------------------+
; Parameter Settings for User Entity Instance: sqrt_transformer:\gen_components:10:trans_i ;
+----------------+-------+-----------------------------------------------------------------+
; Parameter Name ; Value ; Type                                                            ;
+----------------+-------+-----------------------------------------------------------------+
; nb_bits        ; 32    ; Signed Integer                                                  ;
+----------------+-------+-----------------------------------------------------------------+
Note: In order to hide this table in the UI and the text report file, please set the "Show Parameter Settings in Synthesis Report" option in "Analysis and Synthesis Settings -> More Settings" to "Off".


+------------------------------------------------------------------------------------------+
; Parameter Settings for User Entity Instance: sqrt_transformer:\gen_components:11:trans_i ;
+----------------+-------+-----------------------------------------------------------------+
; Parameter Name ; Value ; Type                                                            ;
+----------------+-------+-----------------------------------------------------------------+
; nb_bits        ; 32    ; Signed Integer                                                  ;
+----------------+-------+-----------------------------------------------------------------+
Note: In order to hide this table in the UI and the text report file, please set the "Show Parameter Settings in Synthesis Report" option in "Analysis and Synthesis Settings -> More Settings" to "Off".


+------------------------------------------------------------------------------------------+
; Parameter Settings for User Entity Instance: sqrt_transformer:\gen_components:12:trans_i ;
+----------------+-------+-----------------------------------------------------------------+
; Parameter Name ; Value ; Type                                                            ;
+----------------+-------+-----------------------------------------------------------------+
; nb_bits        ; 32    ; Signed Integer                                                  ;
+----------------+-------+-----------------------------------------------------------------+
Note: In order to hide this table in the UI and the text report file, please set the "Show Parameter Settings in Synthesis Report" option in "Analysis and Synthesis Settings -> More Settings" to "Off".


+------------------------------------------------------------------------------------------+
; Parameter Settings for User Entity Instance: sqrt_transformer:\gen_components:13:trans_i ;
+----------------+-------+-----------------------------------------------------------------+
; Parameter Name ; Value ; Type                                                            ;
+----------------+-------+-----------------------------------------------------------------+
; nb_bits        ; 32    ; Signed Integer                                                  ;
+----------------+-------+-----------------------------------------------------------------+
Note: In order to hide this table in the UI and the text report file, please set the "Show Parameter Settings in Synthesis Report" option in "Analysis and Synthesis Settings -> More Settings" to "Off".


+------------------------------------------------------------------------------------------+
; Parameter Settings for User Entity Instance: sqrt_transformer:\gen_components:14:trans_i ;
+----------------+-------+-----------------------------------------------------------------+
; Parameter Name ; Value ; Type                                                            ;
+----------------+-------+-----------------------------------------------------------------+
; nb_bits        ; 32    ; Signed Integer                                                  ;
+----------------+-------+-----------------------------------------------------------------+
Note: In order to hide this table in the UI and the text report file, please set the "Show Parameter Settings in Synthesis Report" option in "Analysis and Synthesis Settings -> More Settings" to "Off".


+------------------------------------------------------------------------------------------+
; Parameter Settings for User Entity Instance: sqrt_transformer:\gen_components:15:trans_i ;
+----------------+-------+-----------------------------------------------------------------+
; Parameter Name ; Value ; Type                                                            ;
+----------------+-------+-----------------------------------------------------------------+
; nb_bits        ; 32    ; Signed Integer                                                  ;
+----------------+-------+-----------------------------------------------------------------+
Note: In order to hide this table in the UI and the text report file, please set the "Show Parameter Settings in Synthesis Report" option in "Analysis and Synthesis Settings -> More Settings" to "Off".


+------------------------------------------------------------------------------------------+
; Parameter Settings for User Entity Instance: sqrt_transformer:\gen_components:16:trans_i ;
+----------------+-------+-----------------------------------------------------------------+
; Parameter Name ; Value ; Type                                                            ;
+----------------+-------+-----------------------------------------------------------------+
; nb_bits        ; 32    ; Signed Integer                                                  ;
+----------------+-------+-----------------------------------------------------------------+
Note: In order to hide this table in the UI and the text report file, please set the "Show Parameter Settings in Synthesis Report" option in "Analysis and Synthesis Settings -> More Settings" to "Off".


+------------------------------------------------------------------------------------------+
; Parameter Settings for User Entity Instance: sqrt_transformer:\gen_components:17:trans_i ;
+----------------+-------+-----------------------------------------------------------------+
; Parameter Name ; Value ; Type                                                            ;
+----------------+-------+-----------------------------------------------------------------+
; nb_bits        ; 32    ; Signed Integer                                                  ;
+----------------+-------+-----------------------------------------------------------------+
Note: In order to hide this table in the UI and the text report file, please set the "Show Parameter Settings in Synthesis Report" option in "Analysis and Synthesis Settings -> More Settings" to "Off".


+------------------------------------------------------------------------------------------+
; Parameter Settings for User Entity Instance: sqrt_transformer:\gen_components:18:trans_i ;
+----------------+-------+-----------------------------------------------------------------+
; Parameter Name ; Value ; Type                                                            ;
+----------------+-------+-----------------------------------------------------------------+
; nb_bits        ; 32    ; Signed Integer                                                  ;
+----------------+-------+-----------------------------------------------------------------+
Note: In order to hide this table in the UI and the text report file, please set the "Show Parameter Settings in Synthesis Report" option in "Analysis and Synthesis Settings -> More Settings" to "Off".


+------------------------------------------------------------------------------------------+
; Parameter Settings for User Entity Instance: sqrt_transformer:\gen_components:19:trans_i ;
+----------------+-------+-----------------------------------------------------------------+
; Parameter Name ; Value ; Type                                                            ;
+----------------+-------+-----------------------------------------------------------------+
; nb_bits        ; 32    ; Signed Integer                                                  ;
+----------------+-------+-----------------------------------------------------------------+
Note: In order to hide this table in the UI and the text report file, please set the "Show Parameter Settings in Synthesis Report" option in "Analysis and Synthesis Settings -> More Settings" to "Off".


+------------------------------------------------------------------------------------------+
; Parameter Settings for User Entity Instance: sqrt_transformer:\gen_components:20:trans_i ;
+----------------+-------+-----------------------------------------------------------------+
; Parameter Name ; Value ; Type                                                            ;
+----------------+-------+-----------------------------------------------------------------+
; nb_bits        ; 32    ; Signed Integer                                                  ;
+----------------+-------+-----------------------------------------------------------------+
Note: In order to hide this table in the UI and the text report file, please set the "Show Parameter Settings in Synthesis Report" option in "Analysis and Synthesis Settings -> More Settings" to "Off".


+------------------------------------------------------------------------------------------+
; Parameter Settings for User Entity Instance: sqrt_transformer:\gen_components:21:trans_i ;
+----------------+-------+-----------------------------------------------------------------+
; Parameter Name ; Value ; Type                                                            ;
+----------------+-------+-----------------------------------------------------------------+
; nb_bits        ; 32    ; Signed Integer                                                  ;
+----------------+-------+-----------------------------------------------------------------+
Note: In order to hide this table in the UI and the text report file, please set the "Show Parameter Settings in Synthesis Report" option in "Analysis and Synthesis Settings -> More Settings" to "Off".


+------------------------------------------------------------------------------------------+
; Parameter Settings for User Entity Instance: sqrt_transformer:\gen_components:22:trans_i ;
+----------------+-------+-----------------------------------------------------------------+
; Parameter Name ; Value ; Type                                                            ;
+----------------+-------+-----------------------------------------------------------------+
; nb_bits        ; 32    ; Signed Integer                                                  ;
+----------------+-------+-----------------------------------------------------------------+
Note: In order to hide this table in the UI and the text report file, please set the "Show Parameter Settings in Synthesis Report" option in "Analysis and Synthesis Settings -> More Settings" to "Off".


+------------------------------------------------------------------------------------------+
; Parameter Settings for User Entity Instance: sqrt_transformer:\gen_components:23:trans_i ;
+----------------+-------+-----------------------------------------------------------------+
; Parameter Name ; Value ; Type                                                            ;
+----------------+-------+-----------------------------------------------------------------+
; nb_bits        ; 32    ; Signed Integer                                                  ;
+----------------+-------+-----------------------------------------------------------------+
Note: In order to hide this table in the UI and the text report file, please set the "Show Parameter Settings in Synthesis Report" option in "Analysis and Synthesis Settings -> More Settings" to "Off".


+------------------------------------------------------------------------------------------+
; Parameter Settings for User Entity Instance: sqrt_transformer:\gen_components:24:trans_i ;
+----------------+-------+-----------------------------------------------------------------+
; Parameter Name ; Value ; Type                                                            ;
+----------------+-------+-----------------------------------------------------------------+
; nb_bits        ; 32    ; Signed Integer                                                  ;
+----------------+-------+-----------------------------------------------------------------+
Note: In order to hide this table in the UI and the text report file, please set the "Show Parameter Settings in Synthesis Report" option in "Analysis and Synthesis Settings -> More Settings" to "Off".


+------------------------------------------------------------------------------------------+
; Parameter Settings for User Entity Instance: sqrt_transformer:\gen_components:25:trans_i ;
+----------------+-------+-----------------------------------------------------------------+
; Parameter Name ; Value ; Type                                                            ;
+----------------+-------+-----------------------------------------------------------------+
; nb_bits        ; 32    ; Signed Integer                                                  ;
+----------------+-------+-----------------------------------------------------------------+
Note: In order to hide this table in the UI and the text report file, please set the "Show Parameter Settings in Synthesis Report" option in "Analysis and Synthesis Settings -> More Settings" to "Off".


+------------------------------------------------------------------------------------------+
; Parameter Settings for User Entity Instance: sqrt_transformer:\gen_components:26:trans_i ;
+----------------+-------+-----------------------------------------------------------------+
; Parameter Name ; Value ; Type                                                            ;
+----------------+-------+-----------------------------------------------------------------+
; nb_bits        ; 32    ; Signed Integer                                                  ;
+----------------+-------+-----------------------------------------------------------------+
Note: In order to hide this table in the UI and the text report file, please set the "Show Parameter Settings in Synthesis Report" option in "Analysis and Synthesis Settings -> More Settings" to "Off".


+------------------------------------------------------------------------------------------+
; Parameter Settings for User Entity Instance: sqrt_transformer:\gen_components:27:trans_i ;
+----------------+-------+-----------------------------------------------------------------+
; Parameter Name ; Value ; Type                                                            ;
+----------------+-------+-----------------------------------------------------------------+
; nb_bits        ; 32    ; Signed Integer                                                  ;
+----------------+-------+-----------------------------------------------------------------+
Note: In order to hide this table in the UI and the text report file, please set the "Show Parameter Settings in Synthesis Report" option in "Analysis and Synthesis Settings -> More Settings" to "Off".


+------------------------------------------------------------------------------------------+
; Parameter Settings for User Entity Instance: sqrt_transformer:\gen_components:28:trans_i ;
+----------------+-------+-----------------------------------------------------------------+
; Parameter Name ; Value ; Type                                                            ;
+----------------+-------+-----------------------------------------------------------------+
; nb_bits        ; 32    ; Signed Integer                                                  ;
+----------------+-------+-----------------------------------------------------------------+
Note: In order to hide this table in the UI and the text report file, please set the "Show Parameter Settings in Synthesis Report" option in "Analysis and Synthesis Settings -> More Settings" to "Off".


+------------------------------------------------------------------------------------------+
; Parameter Settings for User Entity Instance: sqrt_transformer:\gen_components:29:trans_i ;
+----------------+-------+-----------------------------------------------------------------+
; Parameter Name ; Value ; Type                                                            ;
+----------------+-------+-----------------------------------------------------------------+
; nb_bits        ; 32    ; Signed Integer                                                  ;
+----------------+-------+-----------------------------------------------------------------+
Note: In order to hide this table in the UI and the text report file, please set the "Show Parameter Settings in Synthesis Report" option in "Analysis and Synthesis Settings -> More Settings" to "Off".


+------------------------------------------------------------------------------------------+
; Parameter Settings for User Entity Instance: sqrt_transformer:\gen_components:30:trans_i ;
+----------------+-------+-----------------------------------------------------------------+
; Parameter Name ; Value ; Type                                                            ;
+----------------+-------+-----------------------------------------------------------------+
; nb_bits        ; 32    ; Signed Integer                                                  ;
+----------------+-------+-----------------------------------------------------------------+
Note: In order to hide this table in the UI and the text report file, please set the "Show Parameter Settings in Synthesis Report" option in "Analysis and Synthesis Settings -> More Settings" to "Off".


+------------------------------------------------------------------------------------------+
; Parameter Settings for User Entity Instance: sqrt_transformer:\gen_components:31:trans_i ;
+----------------+-------+-----------------------------------------------------------------+
; Parameter Name ; Value ; Type                                                            ;
+----------------+-------+-----------------------------------------------------------------+
; nb_bits        ; 32    ; Signed Integer                                                  ;
+----------------+-------+-----------------------------------------------------------------+
Note: In order to hide this table in the UI and the text report file, please set the "Show Parameter Settings in Synthesis Report" option in "Analysis and Synthesis Settings -> More Settings" to "Off".


+----------------------------------------------------------------------------------------------------------------------+
; Port Connectivity Checks: "sqrt_transformer:\gen_components:31:trans_i"                                              ;
+------------+--------+----------+-------------------------------------------------------------------------------------+
; Port       ; Type   ; Severity ; Details                                                                             ;
+------------+--------+----------+-------------------------------------------------------------------------------------+
; ox         ; Output ; Info     ; Connected to dangling logic. Logic that only feeds a dangling port will be removed. ;
; oz[63..32] ; Output ; Info     ; Connected to dangling logic. Logic that only feeds a dangling port will be removed. ;
; ov         ; Output ; Info     ; Connected to dangling logic. Logic that only feeds a dangling port will be removed. ;
+------------+--------+----------+-------------------------------------------------------------------------------------+


+------------------------------------------------------------------------+
; Port Connectivity Checks: "sqrt_transformer:\gen_components:0:trans_i" ;
+-----------+-------+----------+-----------------------------------------+
; Port      ; Type  ; Severity ; Details                                 ;
+-----------+-------+----------+-----------------------------------------+
; iz        ; Input ; Info     ; Stuck at GND                            ;
; iv[61..0] ; Input ; Info     ; Stuck at GND                            ;
; iv[63]    ; Input ; Info     ; Stuck at GND                            ;
; iv[62]    ; Input ; Info     ; Stuck at VCC                            ;
+-----------+-------+----------+-----------------------------------------+


+-------------------------------+
; Elapsed Time Per Partition    ;
+----------------+--------------+
; Partition Name ; Elapsed Time ;
+----------------+--------------+
; Top            ; 00:00:09     ;
+----------------+--------------+


+-------------------------------+
; Analysis & Synthesis Messages ;
+-------------------------------+
Info: *******************************************************************
Info: Running Quartus II 32-bit Analysis & Synthesis
    Info: Version 13.0.1 Build 232 06/12/2013 Service Pack 1 SJ Web Edition
    Info: Processing started: Wed Dec 10 13:47:46 2025
Info: Command: quartus_map --read_settings_files=on --write_settings_files=off top -c top
Warning (20028): Parallel compilation is not licensed and has been disabled
Info (12021): Found 2 design units, including 1 entities, in source file shifter.vhd
    Info (12022): Found design unit 1: shifter-proced
    Info (12023): Found entity 1: shifter
Info (12021): Found 2 design units, including 1 entities, in source file reg.vhd
    Info (12022): Found design unit 1: reg-proced
    Info (12023): Found entity 1: reg
Info (12021): Found 2 design units, including 1 entities, in source file mux4_1.vhd
    Info (12022): Found design unit 1: mux4_1-proced
    Info (12023): Found entity 1: mux4_1
Info (12021): Found 2 design units, including 1 entities, in source file mux3_1.vhd
    Info (12022): Found design unit 1: mux3_1-proced
    Info (12023): Found entity 1: mux3_1
Info (12021): Found 2 design units, including 1 entities, in source file mux2_1.vhd
    Info (12022): Found design unit 1: mux2_1-proced
    Info (12023): Found entity 1: mux2_1
Info (12021): Found 2 design units, including 1 entities, in source file decompteur.vhd
    Info (12022): Found design unit 1: decompteur-proced
    Info (12023): Found entity 1: decompteur
Info (12021): Found 2 design units, including 1 entities, in source file comparator.vhd
    Info (12022): Found design unit 1: comparator-proced
    Info (12023): Found entity 1: comparator
Info (12021): Found 2 design units, including 1 entities, in source file add_sub.vhd
    Info (12022): Found design unit 1: add_sub-proced
    Info (12023): Found entity 1: add_sub
Info (12021): Found 2 design units, including 1 entities, in source file sqrt_transformer_reg.vhd
    Info (12022): Found design unit 1: sqrt_transformer_reg-arch
    Info (12023): Found entity 1: sqrt_transformer_reg
Info (12021): Found 2 design units, including 1 entities, in source file sqrt_transformer.vhd
    Info (12022): Found design unit 1: sqrt_transformer-arch
    Info (12023): Found entity 1: sqrt_transformer
Info (12021): Found 2 design units, including 1 entities, in source file sqrt_seq.vhd
    Info (12022): Found design unit 1: sqrt_seq-archi4
    Info (12023): Found entity 1: sqrt_seq
Info (12127): Elaborating entity "sqrt_seq" for the top level hierarchy
Warning (10541): VHDL Signal Declaration warning at sqrt_seq.vhd(15): used implicit default value for signal "count" because signal was never assigned a value or an explicit default value. Use of implicit default value may introduce unintended design optimizations.
Warning (10541): VHDL Signal Declaration warning at sqrt_seq.vhd(16): used implicit default value for signal "fini" because signal was never assigned a value or an explicit default value. Use of implicit default value may introduce unintended design optimizations.
Info (12129): Elaborating entity "sqrt_transformer" using architecture "A:arch" for hierarchy "sqrt_transformer:\gen_components:0:trans_i"
Warning (13024): Output pins are stuck at VCC or GND
    Warning (13410): Pin "count[0]" is stuck at GND
    Warning (13410): Pin "count[1]" is stuck at GND
    Warning (13410): Pin "count[2]" is stuck at GND
    Warning (13410): Pin "count[3]" is stuck at GND
    Warning (13410): Pin "count[4]" is stuck at GND
    Warning (13410): Pin "count[5]" is stuck at GND
    Warning (13410): Pin "count[6]" is stuck at GND
    Warning (13410): Pin "count[7]" is stuck at GND
    Warning (13410): Pin "count[8]" is stuck at GND
    Warning (13410): Pin "count[9]" is stuck at GND
    Warning (13410): Pin "count[10]" is stuck at GND
    Warning (13410): Pin "count[11]" is stuck at GND
    Warning (13410): Pin "count[12]" is stuck at GND
    Warning (13410): Pin "count[13]" is stuck at GND
    Warning (13410): Pin "count[14]" is stuck at GND
    Warning (13410): Pin "count[15]" is stuck at GND
    Warning (13410): Pin "count[16]" is stuck at GND
    Warning (13410): Pin "count[17]" is stuck at GND
    Warning (13410): Pin "count[18]" is stuck at GND
    Warning (13410): Pin "count[19]" is stuck at GND
    Warning (13410): Pin "count[20]" is stuck at GND
    Warning (13410): Pin "count[21]" is stuck at GND
    Warning (13410): Pin "count[22]" is stuck at GND
    Warning (13410): Pin "count[23]" is stuck at GND
    Warning (13410): Pin "count[24]" is stuck at GND
    Warning (13410): Pin "count[25]" is stuck at GND
    Warning (13410): Pin "count[26]" is stuck at GND
    Warning (13410): Pin "count[27]" is stuck at GND
    Warning (13410): Pin "count[28]" is stuck at GND
    Warning (13410): Pin "count[29]" is stuck at GND
    Warning (13410): Pin "count[30]" is stuck at GND
    Warning (13410): Pin "count[31]" is stuck at GND
    Warning (13410): Pin "count[32]" is stuck at GND
    Warning (13410): Pin "count[33]" is stuck at GND
    Warning (13410): Pin "count[34]" is stuck at GND
    Warning (13410): Pin "count[35]" is stuck at GND
    Warning (13410): Pin "count[36]" is stuck at GND
    Warning (13410): Pin "count[37]" is stuck at GND
    Warning (13410): Pin "count[38]" is stuck at GND
    Warning (13410): Pin "count[39]" is stuck at GND
    Warning (13410): Pin "count[40]" is stuck at GND
    Warning (13410): Pin "count[41]" is stuck at GND
    Warning (13410): Pin "count[42]" is stuck at GND
    Warning (13410): Pin "count[43]" is stuck at GND
    Warning (13410): Pin "count[44]" is stuck at GND
    Warning (13410): Pin "count[45]" is stuck at GND
    Warning (13410): Pin "count[46]" is stuck at GND
    Warning (13410): Pin "count[47]" is stuck at GND
    Warning (13410): Pin "count[48]" is stuck at GND
    Warning (13410): Pin "count[49]" is stuck at GND
    Warning (13410): Pin "count[50]" is stuck at GND
    Warning (13410): Pin "count[51]" is stuck at GND
    Warning (13410): Pin "count[52]" is stuck at GND
    Warning (13410): Pin "count[53]" is stuck at GND
    Warning (13410): Pin "count[54]" is stuck at GND
    Warning (13410): Pin "count[55]" is stuck at GND
    Warning (13410): Pin "count[56]" is stuck at GND
    Warning (13410): Pin "count[57]" is stuck at GND
    Warning (13410): Pin "count[58]" is stuck at GND
    Warning (13410): Pin "count[59]" is stuck at GND
    Warning (13410): Pin "count[60]" is stuck at GND
    Warning (13410): Pin "count[61]" is stuck at GND
    Warning (13410): Pin "count[62]" is stuck at GND
    Warning (13410): Pin "count[63]" is stuck at GND
    Warning (13410): Pin "fini" is stuck at GND
Info (16010): Generating hard_block partition "hard_block:auto_generated_inst"
    Info (16011): Adding 0 node(s), including 0 DDIO, 0 PLL, 0 transceiver and 0 LCELL
Warning (21074): Design contains 1 input pin(s) that do not drive logic
    Warning (15610): No output dependent on input pin "debut"
Info (21057): Implemented 2907 device resources after synthesis - the final resource count might be different
    Info (21058): Implemented 67 input pins
    Info (21059): Implemented 97 output pins
    Info (21061): Implemented 2743 logic cells
Info: Quartus II 32-bit Analysis & Synthesis was successful. 0 errors, 72 warnings
    Info: Peak virtual memory: 417 megabytes
    Info: Processing ended: Wed Dec 10 13:48:02 2025
    Info: Elapsed time: 00:00:16
    Info: Total CPU time (on all processors): 00:00:13


