Analysis & Synthesis report for top
Wed Dec 10 13:34:33 2025
Quartus II 32-bit Version 13.0.1 Build 232 06/12/2013 Service Pack 1 SJ Web Edition


---------------------
; Table of Contents ;
---------------------
  1. Legal Notice
  2. Analysis & Synthesis Summary
  3. Analysis & Synthesis Settings
  4. Parallel Compilation
  5. Analysis & Synthesis Source Files Read
  6. Analysis & Synthesis Resource Usage Summary
  7. Analysis & Synthesis Resource Utilization by Entity
  8. Analysis & Synthesis DSP Block Usage Summary
  9. State Machine - |sqrt_seq|state
 10. User-Specified and Inferred Latches
 11. Registers Removed During Synthesis
 12. Removed Registers Triggering Further Register Optimizations
 13. General Register Statistics
 14. Multiplexer Restructuring Statistics (Restructuring Performed)
 15. Parameter Settings for User Entity Instance: Top-level Entity: |sqrt_seq
 16. Parameter Settings for Inferred Entity Instance: lpm_mult:Mult0
 17. Parameter Settings for Inferred Entity Instance: lpm_mult:Mult1
 18. lpm_mult Parameter Settings by Entity Instance
 19. Elapsed Time Per Partition
 20. Analysis & Synthesis Messages



----------------
; Legal Notice ;
----------------
Copyright (C) 1991-2013 Altera Corporation
Your use of Altera Corporation's design tools, logic functions 
and other software and tools, and its AMPP partner logic 
functions, and any output files from any of the foregoing 
(including device programming or simulation files), and any 
associated documentation or information are expressly subject 
to the terms and conditions of the Altera Program License 
Subscription Agreement, Altera MegaCore Function License 
Agreement, or other applicable license agreement, including, 
without limitation, that your use is for the sole purpose of 
programming logic devices manufactured by Altera and sold by 
Altera or its authorized distributors.  Please refer to the 
applicable agreement for further details.



+--------------------------------------------------------------------------------------+
; Analysis & Synthesis Summary                                                         ;
+------------------------------------+-------------------------------------------------+
; Analysis & Synthesis Status        ; Successful - Wed Dec 10 13:34:33 2025           ;
; Quartus II 32-bit Version          ; 13.0.1 Build 232 06/12/2013 SP 1 SJ Web Edition ;
; Revision Name                      ; top                                             ;
; Top-level Entity Name              ; sqrt_seq                                        ;
; Family                             ; Cyclone II                                      ;
; Total logic elements               ; 1,419                                           ;
;     Total combinational functions  ; 1,355                                           ;
;     Dedicated logic registers      ; 257                                             ;
; Total registers                    ; 257                                             ;
; Total pins                         ; 164                                             ;
; Total virtual pins                 ; 0                                               ;
; Total memory bits                  ; 0                                               ;
; Embedded Multiplier 9-bit elements ; 28                                              ;
; Total PLLs                         ; 0                                               ;
+------------------------------------+-------------------------------------------------+


+----------------------------------------------------------------------------------------------------------------------+
; Analysis & Synthesis Settings                                                                                        ;
+----------------------------------------------------------------------------+--------------------+--------------------+
; Option                                                                     ; Setting            ; Default Value      ;
+----------------------------------------------------------------------------+--------------------+--------------------+
; Device                                                                     ; EP2C20F484C7       ;                    ;
; Top-level entity name                                                      ; sqrt_seq           ; top                ;
; Family name                                                                ; Cyclone II         ; Cyclone IV GX      ;
; Use smart compilation                                                      ; Off                ; Off                ;
; Enable parallel Assembler and TimeQuest Timing Analyzer during compilation ; On                 ; On                 ;
; Enable compact report table                                                ; Off                ; Off                ;
; Restructure Multiplexers                                                   ; Auto               ; Auto               ;
; Create Debugging Nodes for IP Cores                                        ; Off                ; Off                ;
; Preserve fewer node names                                                  ; On                 ; On                 ;
; Disable OpenCore Plus hardware evaluation                                  ; Off                ; Off                ;
; Verilog Version                                                            ; Verilog_2001       ; Verilog_2001       ;
; VHDL Version                                                               ; VHDL_1993          ; VHDL_1993          ;
; State Machine Processing                                                   ; Auto               ; Auto               ;
; Safe State Machine                                                         ; Off                ; Off                ;
; Extract Verilog State Machines                                             ; On                 ; On                 ;
; Extract VHDL State Machines                                                ; On                 ; On                 ;
; Ignore Verilog initial constructs                                          ; Off                ; Off                ;
; Iteration limit for constant Verilog loops                                 ; 5000               ; 5000               ;
; Iteration limit for non-constant Verilog loops                             ; 250                ; 250                ;
; Add Pass-Through Logic to Inferred RAMs                                    ; On                 ; On                 ;
; Infer RAMs from Raw Logic                                                  ; On                 ; On                 ;
; Parallel Synthesis                                                         ; On                 ; On                 ;
; DSP Block Balancing                                                        ; Auto               ; Auto               ;
; NOT Gate Push-Back                                                         ; On                 ; On                 ;
; Power-Up Don't Care                                                        ; On                 ; On                 ;
; Remove Redundant Logic Cells                                               ; Off                ; Off                ;
; Remove Duplicate Registers                                                 ; On                 ; On                 ;
; Ignore CARRY Buffers                                                       ; Off                ; Off                ;
; Ignore CASCADE Buffers                                                     ; Off                ; Off                ;
; Ignore GLOBAL Buffers                                                      ; Off                ; Off                ;
; Ignore ROW GLOBAL Buffers                                                  ; Off                ; Off                ;
; Ignore LCELL Buffers                                                       ; Off                ; Off                ;
; Ignore SOFT Buffers                                                        ; On                 ; On                 ;
; Limit AHDL Integers to 32 Bits                                             ; Off                ; Off                ;
; Optimization Technique                                                     ; Balanced           ; Balanced           ;
; Carry Chain Length                                                         ; 70                 ; 70                 ;
; Auto Carry Chains                                                          ; On                 ; On                 ;
; Auto Open-Drain Pins                                                       ; On                 ; On                 ;
; Perform WYSIWYG Primitive Resynthesis                                      ; Off                ; Off                ;
; Auto ROM Replacement                                                       ; On                 ; On                 ;
; Auto RAM Replacement                                                       ; On                 ; On                 ;
; Auto Shift Register Replacement                                            ; Auto               ; Auto               ;
; Allow Shift Register Merging across Hierarchies                            ; Auto               ; Auto               ;
; Auto Clock Enable Replacement                                              ; On                 ; On                 ;
; Strict RAM Replacement                                                     ; Off                ; Off                ;
; Allow Synchronous Control Signals                                          ; On                 ; On                 ;
; Force Use of Synchronous Clear Signals                                     ; Off                ; Off                ;
; Auto RAM to Logic Cell Conversion                                          ; Off                ; Off                ;
; Auto Resource Sharing                                                      ; Off                ; Off                ;
; Allow Any RAM Size For Recognition                                         ; Off                ; Off                ;
; Allow Any ROM Size For Recognition                                         ; Off                ; Off                ;
; Allow Any Shift Register Size For Recognition                              ; Off                ; Off                ;
; Use LogicLock Constraints during Resource Balancing                        ; On                 ; On                 ;
; Ignore translate_off and synthesis_off directives                          ; Off                ; Off                ;
; Timing-Driven Synthesis                                                    ; Off                ; Off                ;
; Report Parameter Settings                                                  ; On                 ; On                 ;
; Report Source Assignments                                                  ; On                 ; On                 ;
; Report Connectivity Checks                                                 ; On                 ; On                 ;
; Ignore Maximum Fan-Out Assignments                                         ; Off                ; Off                ;
; Synchronization Register Chain Length                                      ; 2                  ; 2                  ;
; PowerPlay Power Optimization                                               ; Normal compilation ; Normal compilation ;
; HDL message level                                                          ; Level2             ; Level2             ;
; Suppress Register Optimization Related Messages                            ; Off                ; Off                ;
; Number of Removed Registers Reported in Synthesis Report                   ; 5000               ; 5000               ;
; Number of Swept Nodes Reported in Synthesis Report                         ; 5000               ; 5000               ;
; Number of Inverted Registers Reported in Synthesis Report                  ; 100                ; 100                ;
; Clock MUX Protection                                                       ; On                 ; On                 ;
; Auto Gated Clock Conversion                                                ; Off                ; Off                ;
; Block Design Naming                                                        ; Auto               ; Auto               ;
; SDC constraint protection                                                  ; Off                ; Off                ;
; Synthesis Effort                                                           ; Auto               ; Auto               ;
; Shift Register Replacement - Allow Asynchronous Clear Signal               ; On                 ; On                 ;
; Pre-Mapping Resynthesis Optimization                                       ; Off                ; Off                ;
; Analysis & Synthesis Message Level                                         ; Medium             ; Medium             ;
; Disable Register Merging Across Hierarchies                                ; Auto               ; Auto               ;
; Resource Aware Inference For Block RAM                                     ; On                 ; On                 ;
; Synthesis Seed                                                             ; 1                  ; 1                  ;
+----------------------------------------------------------------------------+--------------------+--------------------+


Parallel compilation was disabled, but you have multiple processors available. Enable parallel compilation to reduce compilation time.
+-------------------------------------+
; Parallel Compilation                ;
+----------------------------+--------+
; Processors                 ; Number ;
+----------------------------+--------+
; Number detected on machine ; 12     ;
; Maximum allowed            ; 1      ;
+----------------------------+--------+


+-----------------------------------------------------------------------------------------------------------------------------------------------------------------+
; Analysis & Synthesis Source Files Read                                                                                                                          ;
+----------------------------------+-----------------+------------------------------+-------------------------------------------------------------------+---------+
; File Name with User-Entered Path ; Used in Netlist ; File Type                    ; File Name with Absolute Path                                      ; Library ;
+----------------------------------+-----------------+------------------------------+-------------------------------------------------------------------+---------+
; sqrt_seq.vhd                     ; yes             ; User VHDL File               ; C:/ET5/FPGA/TP/sqrt-hw/sqrt_seq.vhd                               ;         ;
; lpm_mult.tdf                     ; yes             ; Megafunction                 ; c:/altera/13.0sp1/quartus/libraries/megafunctions/lpm_mult.tdf    ;         ;
; aglobal130.inc                   ; yes             ; Megafunction                 ; c:/altera/13.0sp1/quartus/libraries/megafunctions/aglobal130.inc  ;         ;
; lpm_add_sub.inc                  ; yes             ; Megafunction                 ; c:/altera/13.0sp1/quartus/libraries/megafunctions/lpm_add_sub.inc ;         ;
; multcore.inc                     ; yes             ; Megafunction                 ; c:/altera/13.0sp1/quartus/libraries/megafunctions/multcore.inc    ;         ;
; bypassff.inc                     ; yes             ; Megafunction                 ; c:/altera/13.0sp1/quartus/libraries/megafunctions/bypassff.inc    ;         ;
; altshift.inc                     ; yes             ; Megafunction                 ; c:/altera/13.0sp1/quartus/libraries/megafunctions/altshift.inc    ;         ;
; db/mult_t8t.tdf                  ; yes             ; Auto-Generated Megafunction  ; C:/ET5/FPGA/TP/sqrt-hw/db/mult_t8t.tdf                            ;         ;
+----------------------------------+-----------------+------------------------------+-------------------------------------------------------------------+---------+


+-----------------------------------------------------+
; Analysis & Synthesis Resource Usage Summary         ;
+---------------------------------------------+-------+
; Resource                                    ; Usage ;
+---------------------------------------------+-------+
; Estimated Total logic elements              ; 1,419 ;
;                                             ;       ;
; Total combinational functions               ; 1355  ;
; Logic element usage by number of LUT inputs ;       ;
;     -- 4 input functions                    ; 376   ;
;     -- 3 input functions                    ; 791   ;
;     -- <=2 input functions                  ; 188   ;
;                                             ;       ;
; Logic elements by mode                      ;       ;
;     -- normal mode                          ; 559   ;
;     -- arithmetic mode                      ; 796   ;
;                                             ;       ;
; Total registers                             ; 257   ;
;     -- Dedicated logic registers            ; 257   ;
;     -- I/O registers                        ; 0     ;
;                                             ;       ;
; I/O pins                                    ; 164   ;
; Embedded Multiplier 9-bit elements          ; 28    ;
; Maximum fan-out node                        ; clk   ;
; Maximum fan-out                             ; 257   ;
; Total fan-out                               ; 5600  ;
; Average fan-out                             ; 3.10  ;
+---------------------------------------------+-------+


+---------------------------------------------------------------------------------------------------------------------------------------------------------------------------------------------------------------+
; Analysis & Synthesis Resource Utilization by Entity                                                                                                                                                           ;
+---------------------------------+-------------------+--------------+-------------+--------------+---------+-----------+------+--------------+--------------------------------------------------+--------------+
; Compilation Hierarchy Node      ; LC Combinationals ; LC Registers ; Memory Bits ; DSP Elements ; DSP 9x9 ; DSP 18x18 ; Pins ; Virtual Pins ; Full Hierarchy Name                              ; Library Name ;
+---------------------------------+-------------------+--------------+-------------+--------------+---------+-----------+------+--------------+--------------------------------------------------+--------------+
; |sqrt_seq                       ; 1355 (1115)       ; 257 (257)    ; 0           ; 28           ; 0       ; 14        ; 164  ; 0            ; |sqrt_seq                                        ; work         ;
;    |lpm_mult:Mult0|             ; 120 (0)           ; 0 (0)        ; 0           ; 14           ; 0       ; 7         ; 0    ; 0            ; |sqrt_seq|lpm_mult:Mult0                         ; work         ;
;       |mult_t8t:auto_generated| ; 120 (120)         ; 0 (0)        ; 0           ; 14           ; 0       ; 7         ; 0    ; 0            ; |sqrt_seq|lpm_mult:Mult0|mult_t8t:auto_generated ; work         ;
;    |lpm_mult:Mult1|             ; 120 (0)           ; 0 (0)        ; 0           ; 14           ; 0       ; 7         ; 0    ; 0            ; |sqrt_seq|lpm_mult:Mult1                         ; work         ;
;       |mult_t8t:auto_generated| ; 120 (120)         ; 0 (0)        ; 0           ; 14           ; 0       ; 7         ; 0    ; 0            ; |sqrt_seq|lpm_mult:Mult1|mult_t8t:auto_generated ; work         ;
+---------------------------------+-------------------+--------------+-------------+--------------+---------+-----------+------+--------------+--------------------------------------------------+--------------+
Note: For table entries with two numbers listed, the numbers in parentheses indicate the number of resources of the given type used by the specific entity alone. The numbers listed outside of parentheses indicate the total resources of the given type used by the specific entity and all of its sub-entities in the hierarchy.


+-----------------------------------------------------+
; Analysis & Synthesis DSP Block Usage Summary        ;
+---------------------------------------+-------------+
; Statistic                             ; Number Used ;
+---------------------------------------+-------------+
; Simple Multipliers (9-bit)            ; 0           ;
; Simple Multipliers (18-bit)           ; 14          ;
; Embedded Multiplier Blocks            ; --          ;
; Embedded Multiplier 9-bit elements    ; 28          ;
; Signed Embedded Multipliers           ; 0           ;
; Unsigned Embedded Multipliers         ; 14          ;
; Mixed Sign Embedded Multipliers       ; 0           ;
; Variable Sign Embedded Multipliers    ; 0           ;
; Dedicated Input Shift Register Chains ; 0           ;
+---------------------------------------+-------------+
Note: number of Embedded Multiplier Blocks used is only available after a successful fit.


Encoding Type:  One-Hot
+---------------------------------------------------------+
; State Machine - |sqrt_seq|state                         ;
+---------------+------------+---------------+------------+
; Name          ; state.DONE ; state.COMPUTE ; state.IDLE ;
+---------------+------------+---------------+------------+
; state.IDLE    ; 0          ; 0             ; 0          ;
; state.COMPUTE ; 0          ; 1             ; 1          ;
; state.DONE    ; 1          ; 0             ; 1          ;
+---------------+------------+---------------+------------+


+----------------------------------------------------------------------------------------------------+
; User-Specified and Inferred Latches                                                                ;
+-----------------------------------------------------+---------------------+------------------------+
; Latch Name                                          ; Latch Enable Signal ; Free of Timing Hazards ;
+-----------------------------------------------------+---------------------+------------------------+
; Resultat[0]$latch                                   ; state.DONE          ; yes                    ;
; Resultat[1]$latch                                   ; state.DONE          ; yes                    ;
; Resultat[2]$latch                                   ; state.DONE          ; yes                    ;
; Resultat[3]$latch                                   ; state.DONE          ; yes                    ;
; Resultat[4]$latch                                   ; state.DONE          ; yes                    ;
; Resultat[5]$latch                                   ; state.DONE          ; yes                    ;
; Resultat[6]$latch                                   ; state.DONE          ; yes                    ;
; Resultat[7]$latch                                   ; state.DONE          ; yes                    ;
; Resultat[8]$latch                                   ; state.DONE          ; yes                    ;
; Resultat[9]$latch                                   ; state.DONE          ; yes                    ;
; Resultat[10]$latch                                  ; state.DONE          ; yes                    ;
; Resultat[11]$latch                                  ; state.DONE          ; yes                    ;
; Resultat[12]$latch                                  ; state.DONE          ; yes                    ;
; Resultat[13]$latch                                  ; state.DONE          ; yes                    ;
; Resultat[14]$latch                                  ; state.DONE          ; yes                    ;
; Resultat[15]$latch                                  ; state.DONE          ; yes                    ;
; Resultat[16]$latch                                  ; state.DONE          ; yes                    ;
; Resultat[17]$latch                                  ; state.DONE          ; yes                    ;
; Resultat[18]$latch                                  ; state.DONE          ; yes                    ;
; Resultat[19]$latch                                  ; state.DONE          ; yes                    ;
; Resultat[20]$latch                                  ; state.DONE          ; yes                    ;
; Resultat[21]$latch                                  ; state.DONE          ; yes                    ;
; Resultat[22]$latch                                  ; state.DONE          ; yes                    ;
; Resultat[23]$latch                                  ; state.DONE          ; yes                    ;
; Resultat[24]$latch                                  ; state.DONE          ; yes                    ;
; Resultat[25]$latch                                  ; state.DONE          ; yes                    ;
; Resultat[26]$latch                                  ; state.DONE          ; yes                    ;
; Resultat[27]$latch                                  ; state.DONE          ; yes                    ;
; Resultat[28]$latch                                  ; state.DONE          ; yes                    ;
; Resultat[29]$latch                                  ; state.DONE          ; yes                    ;
; Resultat[30]$latch                                  ; state.DONE          ; yes                    ;
; Resultat[31]$latch                                  ; state.DONE          ; yes                    ;
; Number of user-specified and inferred latches = 32  ;                     ;                        ;
+-----------------------------------------------------+---------------------+------------------------+
Note: All latches listed above may not be present at the end of synthesis due to various synthesis optimizations.


+---------------------------------------------------------------------------------+
; Registers Removed During Synthesis                                              ;
+----------------------------------------+----------------------------------------+
; Register name                          ; Reason for Removal                     ;
+----------------------------------------+----------------------------------------+
; reg_V[63]                              ; Stuck at GND due to stuck port data_in ;
; s_idx[31]                              ; Merged with s_count[31]                ;
; s_idx[30]                              ; Merged with s_count[30]                ;
; s_idx[29]                              ; Merged with s_count[29]                ;
; s_idx[28]                              ; Merged with s_count[28]                ;
; s_idx[27]                              ; Merged with s_count[27]                ;
; s_idx[26]                              ; Merged with s_count[26]                ;
; s_idx[25]                              ; Merged with s_count[25]                ;
; s_idx[24]                              ; Merged with s_count[24]                ;
; s_idx[23]                              ; Merged with s_count[23]                ;
; s_idx[22]                              ; Merged with s_count[22]                ;
; s_idx[21]                              ; Merged with s_count[21]                ;
; s_idx[20]                              ; Merged with s_count[20]                ;
; s_idx[19]                              ; Merged with s_count[19]                ;
; s_idx[18]                              ; Merged with s_count[18]                ;
; s_idx[17]                              ; Merged with s_count[17]                ;
; s_idx[16]                              ; Merged with s_count[16]                ;
; s_idx[15]                              ; Merged with s_count[15]                ;
; s_idx[14]                              ; Merged with s_count[14]                ;
; s_idx[13]                              ; Merged with s_count[13]                ;
; s_idx[12]                              ; Merged with s_count[12]                ;
; s_idx[11]                              ; Merged with s_count[11]                ;
; s_idx[10]                              ; Merged with s_count[10]                ;
; s_idx[9]                               ; Merged with s_count[9]                 ;
; s_idx[8]                               ; Merged with s_count[8]                 ;
; s_idx[7]                               ; Merged with s_count[7]                 ;
; s_idx[6]                               ; Merged with s_count[6]                 ;
; s_idx[5]                               ; Merged with s_count[5]                 ;
; s_idx[4]                               ; Merged with s_count[4]                 ;
; s_idx[3]                               ; Merged with s_count[3]                 ;
; s_idx[2]                               ; Merged with s_count[2]                 ;
; s_idx[1]                               ; Merged with s_count[1]                 ;
; s_idx[0]                               ; Merged with s_count[0]                 ;
; reg_V[31..62]                          ; Stuck at GND due to stuck port data_in ;
; reg_Z[63]                              ; Lost fanout                            ;
; Total Number of Removed Registers = 66 ;                                        ;
+----------------------------------------+----------------------------------------+


+------------------------------------------------------------------------------------+
; Removed Registers Triggering Further Register Optimizations                        ;
+---------------+---------------------------+----------------------------------------+
; Register name ; Reason for Removal        ; Registers Removed due to This Register ;
+---------------+---------------------------+----------------------------------------+
; reg_V[60]     ; Stuck at GND              ; reg_V[59], reg_Z[63]                   ;
;               ; due to stuck port data_in ;                                        ;
; reg_V[56]     ; Stuck at GND              ; reg_V[55]                              ;
;               ; due to stuck port data_in ;                                        ;
; reg_V[52]     ; Stuck at GND              ; reg_V[51]                              ;
;               ; due to stuck port data_in ;                                        ;
; reg_V[48]     ; Stuck at GND              ; reg_V[47]                              ;
;               ; due to stuck port data_in ;                                        ;
; reg_V[44]     ; Stuck at GND              ; reg_V[43]                              ;
;               ; due to stuck port data_in ;                                        ;
; reg_V[40]     ; Stuck at GND              ; reg_V[39]                              ;
;               ; due to stuck port data_in ;                                        ;
; reg_V[36]     ; Stuck at GND              ; reg_V[35]                              ;
;               ; due to stuck port data_in ;                                        ;
+---------------+---------------------------+----------------------------------------+


+------------------------------------------------------+
; General Register Statistics                          ;
+----------------------------------------------+-------+
; Statistic                                    ; Value ;
+----------------------------------------------+-------+
; Total registers                              ; 257   ;
; Number of registers using Synchronous Clear  ; 0     ;
; Number of registers using Synchronous Load   ; 2     ;
; Number of registers using Asynchronous Clear ; 3     ;
; Number of registers using Asynchronous Load  ; 0     ;
; Number of registers using Clock Enable       ; 254   ;
; Number of registers using Preset             ; 0     ;
+----------------------------------------------+-------+


+------------------------------------------------------------------------------------------------------------------------------------------+
; Multiplexer Restructuring Statistics (Restructuring Performed)                                                                           ;
+--------------------+-----------+---------------+----------------------+------------------------+------------+----------------------------+
; Multiplexer Inputs ; Bus Width ; Baseline Area ; Area if Restructured ; Saving if Restructured ; Registered ; Example Multiplexer Output ;
+--------------------+-----------+---------------+----------------------+------------------------+------------+----------------------------+
; 5:1                ; 2 bits    ; 6 LEs         ; 4 LEs                ; 2 LEs                  ; Yes        ; |sqrt_seq|reg_Z[31]        ;
; 3:1                ; 32 bits   ; 64 LEs        ; 64 LEs               ; 0 LEs                  ; No         ; |sqrt_seq|Resultat         ;
; 3:1                ; 126 bits  ; 252 LEs       ; 252 LEs              ; 0 LEs                  ; No         ; |sqrt_seq|reg_Z            ;
+--------------------+-----------+---------------+----------------------+------------------------+------------+----------------------------+


+--------------------------------------------------------------------------+
; Parameter Settings for User Entity Instance: Top-level Entity: |sqrt_seq ;
+----------------+-------+-------------------------------------------------+
; Parameter Name ; Value ; Type                                            ;
+----------------+-------+-------------------------------------------------+
; nb_bits        ; 32    ; Signed Integer                                  ;
+----------------+-------+-------------------------------------------------+
Note: In order to hide this table in the UI and the text report file, please set the "Show Parameter Settings in Synthesis Report" option in "Analysis and Synthesis Settings -> More Settings" to "Off".


+-----------------------------------------------------------------------------------+
; Parameter Settings for Inferred Entity Instance: lpm_mult:Mult0                   ;
+------------------------------------------------+------------+---------------------+
; Parameter Name                                 ; Value      ; Type                ;
+------------------------------------------------+------------+---------------------+
; AUTO_CARRY_CHAINS                              ; ON         ; AUTO_CARRY          ;
; IGNORE_CARRY_BUFFERS                           ; OFF        ; IGNORE_CARRY        ;
; AUTO_CASCADE_CHAINS                            ; ON         ; AUTO_CASCADE        ;
; IGNORE_CASCADE_BUFFERS                         ; OFF        ; IGNORE_CASCADE      ;
; LPM_WIDTHA                                     ; 31         ; Untyped             ;
; LPM_WIDTHB                                     ; 64         ; Untyped             ;
; LPM_WIDTHP                                     ; 95         ; Untyped             ;
; LPM_WIDTHR                                     ; 95         ; Untyped             ;
; LPM_WIDTHS                                     ; 1          ; Untyped             ;
; LPM_REPRESENTATION                             ; UNSIGNED   ; Untyped             ;
; LPM_PIPELINE                                   ; 0          ; Untyped             ;
; LATENCY                                        ; 0          ; Untyped             ;
; INPUT_A_IS_CONSTANT                            ; NO         ; Untyped             ;
; INPUT_B_IS_CONSTANT                            ; NO         ; Untyped             ;
; USE_EAB                                        ; OFF        ; Untyped             ;
; MAXIMIZE_SPEED                                 ; 5          ; Untyped             ;
; DEVICE_FAMILY                                  ; Cyclone II ; Untyped             ;
; CARRY_CHAIN                                    ; MANUAL     ; Untyped             ;
; APEX20K_TECHNOLOGY_MAPPER                      ; LUT        ; TECH_MAPPER_APEX20K ;
; DEDICATED_MULTIPLIER_CIRCUITRY                 ; AUTO       ; Untyped             ;
; DEDICATED_MULTIPLIER_MIN_INPUT_WIDTH_FOR_AUTO  ; 0          ; Untyped             ;
; DEDICATED_MULTIPLIER_MIN_OUTPUT_WIDTH_FOR_AUTO ; 0          ; Untyped             ;
; CBXI_PARAMETER                                 ; mult_t8t   ; Untyped             ;
; INPUT_A_FIXED_VALUE                            ; Bx         ; Untyped             ;
; INPUT_B_FIXED_VALUE                            ; Bx         ; Untyped             ;
; USE_AHDL_IMPLEMENTATION                        ; OFF        ; Untyped             ;
+------------------------------------------------+------------+---------------------+
Note: In order to hide this table in the UI and the text report file, please set the "Show Parameter Settings in Synthesis Report" option in "Analysis and Synthesis Settings -> More Settings" to "Off".


+-----------------------------------------------------------------------------------+
; Parameter Settings for Inferred Entity Instance: lpm_mult:Mult1                   ;
+------------------------------------------------+------------+---------------------+
; Parameter Name                                 ; Value      ; Type                ;
+------------------------------------------------+------------+---------------------+
; AUTO_CARRY_CHAINS                              ; ON         ; AUTO_CARRY          ;
; IGNORE_CARRY_BUFFERS                           ; OFF        ; IGNORE_CARRY        ;
; AUTO_CASCADE_CHAINS                            ; ON         ; AUTO_CASCADE        ;
; IGNORE_CASCADE_BUFFERS                         ; OFF        ; IGNORE_CASCADE      ;
; LPM_WIDTHA                                     ; 31         ; Untyped             ;
; LPM_WIDTHB                                     ; 64         ; Untyped             ;
; LPM_WIDTHP                                     ; 95         ; Untyped             ;
; LPM_WIDTHR                                     ; 95         ; Untyped             ;
; LPM_WIDTHS                                     ; 1          ; Untyped             ;
; LPM_REPRESENTATION                             ; UNSIGNED   ; Untyped             ;
; LPM_PIPELINE                                   ; 0          ; Untyped             ;
; LATENCY                                        ; 0          ; Untyped             ;
; INPUT_A_IS_CONSTANT                            ; NO         ; Untyped             ;
; INPUT_B_IS_CONSTANT                            ; NO         ; Untyped             ;
; USE_EAB                                        ; OFF        ; Untyped             ;
; MAXIMIZE_SPEED                                 ; 5          ; Untyped             ;
; DEVICE_FAMILY                                  ; Cyclone II ; Untyped             ;
; CARRY_CHAIN                                    ; MANUAL     ; Untyped             ;
; APEX20K_TECHNOLOGY_MAPPER                      ; LUT        ; TECH_MAPPER_APEX20K ;
; DEDICATED_MULTIPLIER_CIRCUITRY                 ; AUTO       ; Untyped             ;
; DEDICATED_MULTIPLIER_MIN_INPUT_WIDTH_FOR_AUTO  ; 0          ; Untyped             ;
; DEDICATED_MULTIPLIER_MIN_OUTPUT_WIDTH_FOR_AUTO ; 0          ; Untyped             ;
; CBXI_PARAMETER                                 ; mult_t8t   ; Untyped             ;
; INPUT_A_FIXED_VALUE                            ; Bx         ; Untyped             ;
; INPUT_B_FIXED_VALUE                            ; Bx         ; Untyped             ;
; USE_AHDL_IMPLEMENTATION                        ; OFF        ; Untyped             ;
+------------------------------------------------+------------+---------------------+
Note: In order to hide this table in the UI and the text report file, please set the "Show Parameter Settings in Synthesis Report" option in "Analysis and Synthesis Settings -> More Settings" to "Off".


+--------------------------------------------------------+
; lpm_mult Parameter Settings by Entity Instance         ;
+---------------------------------------+----------------+
; Name                                  ; Value          ;
+---------------------------------------+----------------+
; Number of entity instances            ; 2              ;
; Entity Instance                       ; lpm_mult:Mult0 ;
;     -- LPM_WIDTHA                     ; 31             ;
;     -- LPM_WIDTHB                     ; 64             ;
;     -- LPM_WIDTHP                     ; 95             ;
;     -- LPM_REPRESENTATION             ; UNSIGNED       ;
;     -- INPUT_A_IS_CONSTANT            ; NO             ;
;     -- INPUT_B_IS_CONSTANT            ; NO             ;
;     -- USE_EAB                        ; OFF            ;
;     -- DEDICATED_MULTIPLIER_CIRCUITRY ; AUTO           ;
;     -- INPUT_A_FIXED_VALUE            ; Bx             ;
;     -- INPUT_B_FIXED_VALUE            ; Bx             ;
; Entity Instance                       ; lpm_mult:Mult1 ;
;     -- LPM_WIDTHA                     ; 31             ;
;     -- LPM_WIDTHB                     ; 64             ;
;     -- LPM_WIDTHP                     ; 95             ;
;     -- LPM_REPRESENTATION             ; UNSIGNED       ;
;     -- INPUT_A_IS_CONSTANT            ; NO             ;
;     -- INPUT_B_IS_CONSTANT            ; NO             ;
;     -- USE_EAB                        ; OFF            ;
;     -- DEDICATED_MULTIPLIER_CIRCUITRY ; AUTO           ;
;     -- INPUT_A_FIXED_VALUE            ; Bx             ;
;     -- INPUT_B_FIXED_VALUE            ; Bx             ;
+---------------------------------------+----------------+


+-------------------------------+
; Elapsed Time Per Partition    ;
+----------------+--------------+
; Partition Name ; Elapsed Time ;
+----------------+--------------+
; Top            ; 00:00:07     ;
+----------------+--------------+


+-------------------------------+
; Analysis & Synthesis Messages ;
+-------------------------------+
Info: *******************************************************************
Info: Running Quartus II 32-bit Analysis & Synthesis
    Info: Version 13.0.1 Build 232 06/12/2013 Service Pack 1 SJ Web Edition
    Info: Processing started: Wed Dec 10 13:34:21 2025
Info: Command: quartus_map --read_settings_files=on --write_settings_files=off top -c top
Warning (20028): Parallel compilation is not licensed and has been disabled
Info (12021): Found 2 design units, including 1 entities, in source file sqrt_seq.vhd
    Info (12022): Found design unit 1: sqrt_seq-archi2
    Info (12023): Found entity 1: sqrt_seq
Info (12127): Elaborating entity "sqrt_seq" for the top level hierarchy
Warning (10631): VHDL Process Statement warning at sqrt_seq.vhd(229): inferring latch(es) for signal or variable "Resultat", which holds its previous value in one or more paths through the process
Info (10041): Inferred latch for "Resultat[0]" at sqrt_seq.vhd(229)
Info (10041): Inferred latch for "Resultat[1]" at sqrt_seq.vhd(229)
Info (10041): Inferred latch for "Resultat[2]" at sqrt_seq.vhd(229)
Info (10041): Inferred latch for "Resultat[3]" at sqrt_seq.vhd(229)
Info (10041): Inferred latch for "Resultat[4]" at sqrt_seq.vhd(229)
Info (10041): Inferred latch for "Resultat[5]" at sqrt_seq.vhd(229)
Info (10041): Inferred latch for "Resultat[6]" at sqrt_seq.vhd(229)
Info (10041): Inferred latch for "Resultat[7]" at sqrt_seq.vhd(229)
Info (10041): Inferred latch for "Resultat[8]" at sqrt_seq.vhd(229)
Info (10041): Inferred latch for "Resultat[9]" at sqrt_seq.vhd(229)
Info (10041): Inferred latch for "Resultat[10]" at sqrt_seq.vhd(229)
Info (10041): Inferred latch for "Resultat[11]" at sqrt_seq.vhd(229)
Info (10041): Inferred latch for "Resultat[12]" at sqrt_seq.vhd(229)
Info (10041): Inferred latch for "Resultat[13]" at sqrt_seq.vhd(229)
Info (10041): Inferred latch for "Resultat[14]" at sqrt_seq.vhd(229)
Info (10041): Inferred latch for "Resultat[15]" at sqrt_seq.vhd(229)
Info (10041): Inferred latch for "Resultat[16]" at sqrt_seq.vhd(229)
Info (10041): Inferred latch for "Resultat[17]" at sqrt_seq.vhd(229)
Info (10041): Inferred latch for "Resultat[18]" at sqrt_seq.vhd(229)
Info (10041): Inferred latch for "Resultat[19]" at sqrt_seq.vhd(229)
Info (10041): Inferred latch for "Resultat[20]" at sqrt_seq.vhd(229)
Info (10041): Inferred latch for "Resultat[21]" at sqrt_seq.vhd(229)
Info (10041): Inferred latch for "Resultat[22]" at sqrt_seq.vhd(229)
Info (10041): Inferred latch for "Resultat[23]" at sqrt_seq.vhd(229)
Info (10041): Inferred latch for "Resultat[24]" at sqrt_seq.vhd(229)
Info (10041): Inferred latch for "Resultat[25]" at sqrt_seq.vhd(229)
Info (10041): Inferred latch for "Resultat[26]" at sqrt_seq.vhd(229)
Info (10041): Inferred latch for "Resultat[27]" at sqrt_seq.vhd(229)
Info (10041): Inferred latch for "Resultat[28]" at sqrt_seq.vhd(229)
Info (10041): Inferred latch for "Resultat[29]" at sqrt_seq.vhd(229)
Info (10041): Inferred latch for "Resultat[30]" at sqrt_seq.vhd(229)
Info (10041): Inferred latch for "Resultat[31]" at sqrt_seq.vhd(229)
Info (278001): Inferred 2 megafunctions from design logic
    Info (278003): Inferred multiplier megafunction ("lpm_mult") from the following logic: "Mult0"
    Info (278003): Inferred multiplier megafunction ("lpm_mult") from the following logic: "Mult1"
Info (12130): Elaborated megafunction instantiation "lpm_mult:Mult0"
Info (12133): Instantiated megafunction "lpm_mult:Mult0" with the following parameter:
    Info (12134): Parameter "LPM_WIDTHA" = "31"
    Info (12134): Parameter "LPM_WIDTHB" = "64"
    Info (12134): Parameter "LPM_WIDTHP" = "95"
    Info (12134): Parameter "LPM_WIDTHR" = "95"
    Info (12134): Parameter "LPM_WIDTHS" = "1"
    Info (12134): Parameter "LPM_REPRESENTATION" = "UNSIGNED"
    Info (12134): Parameter "INPUT_A_IS_CONSTANT" = "NO"
    Info (12134): Parameter "INPUT_B_IS_CONSTANT" = "NO"
    Info (12134): Parameter "MAXIMIZE_SPEED" = "5"
Info (12021): Found 1 design units, including 1 entities, in source file db/mult_t8t.tdf
    Info (12023): Found entity 1: mult_t8t
Warning (14284): Synthesized away the following node(s):
    Warning (14285): Synthesized away the following DSP element node(s):
        Warning (14320): Synthesized away node "lpm_mult:Mult1|mult_t8t:auto_generated|mac_mult15"
        Warning (14320): Synthesized away node "lpm_mult:Mult1|mult_t8t:auto_generated|mac_out16"
        Warning (14320): Synthesized away node "lpm_mult:Mult0|mult_t8t:auto_generated|mac_mult15"
        Warning (14320): Synthesized away node "lpm_mult:Mult0|mult_t8t:auto_generated|mac_out16"
Info (13014): Ignored 710 buffer(s)
    Info (13019): Ignored 710 SOFT buffer(s)
Info (17049): 1 registers lost all their fanouts during netlist optimizations.
Info (16010): Generating hard_block partition "hard_block:auto_generated_inst"
    Info (16011): Adding 0 node(s), including 0 DDIO, 0 PLL, 0 transceiver and 0 LCELL
Info (21057): Implemented 1611 device resources after synthesis - the final resource count might be different
    Info (21058): Implemented 67 input pins
    Info (21059): Implemented 97 output pins
    Info (21061): Implemented 1419 logic cells
    Info (21062): Implemented 28 DSP elements
Info: Quartus II 32-bit Analysis & Synthesis was successful. 0 errors, 9 warnings
    Info: Peak virtual memory: 423 megabytes
    Info: Processing ended: Wed Dec 10 13:34:33 2025
    Info: Elapsed time: 00:00:12
    Info: Total CPU time (on all processors): 00:00:09


